{"meta": {"format": 3, "version": "7.9.2", "timestamp": "2025-07-27T06:31:02.166765", "branch_coverage": false, "show_contexts": false}, "files": {"ygoapi/__init__.py": {"executed_lines": [1, 9, 10], "summary": {"covered_lines": 2, "num_statements": 2, "percent_covered": 100.0, "percent_covered_display": "100", "missing_lines": 0, "excluded_lines": 0}, "missing_lines": [], "excluded_lines": [], "functions": {"": {"executed_lines": [1, 9, 10], "summary": {"covered_lines": 2, "num_statements": 2, "percent_covered": 100.0, "percent_covered_display": "100", "missing_lines": 0, "excluded_lines": 0}, "missing_lines": [], "excluded_lines": []}}, "classes": {"": {"executed_lines": [1, 9, 10], "summary": {"covered_lines": 2, "num_statements": 2, "percent_covered": 100.0, "percent_covered_display": "100", "missing_lines": 0, "excluded_lines": 0}, "missing_lines": [], "excluded_lines": []}}}, "ygoapi/app.py": {"executed_lines": [1, 8, 9, 11, 12, 14, 21, 22, 23, 26, 34, 35, 38, 41, 61, 62, 66, 67, 70, 71, 74, 75, 76, 77, 81, 82, 84, 87, 88, 91, 92, 93, 95, 98, 104, 105, 106, 108, 109, 110, 111, 112, 113, 114, 115, 116, 117, 118, 119, 120, 121, 122, 123, 124, 126, 128, 131, 133, 134, 135, 147], "summary": {"covered_lines": 60, "num_statements": 61, "percent_covered": 98.36065573770492, "percent_covered_display": "98", "missing_lines": 1, "excluded_lines": 0}, "missing_lines": [148], "excluded_lines": [], "functions": {"create_app": {"executed_lines": [34, 35, 38, 41, 61, 62, 66, 67, 70, 71, 74, 75, 76, 77, 81, 82, 84, 87, 88, 91, 92, 93, 95], "summary": {"covered_lines": 23, "num_statements": 23, "percent_covered": 100.0, "percent_covered_display": "100", "missing_lines": 0, "excluded_lines": 0}, "missing_lines": [], "excluded_lines": []}, "run_app": {"executed_lines": [104, 105, 106, 108, 109, 110, 111, 112, 113, 114, 115, 116, 117, 118, 119, 120, 121, 122, 123, 124, 126, 128, 131, 133, 134, 135], "summary": {"covered_lines": 26, "num_statements": 26, "percent_covered": 100.0, "percent_covered_display": "100", "missing_lines": 0, "excluded_lines": 0}, "missing_lines": [], "excluded_lines": []}, "": {"executed_lines": [1, 8, 9, 11, 12, 14, 21, 22, 23, 26, 98, 147], "summary": {"covered_lines": 11, "num_statements": 12, "percent_covered": 91.66666666666667, "percent_covered_display": "92", "missing_lines": 1, "excluded_lines": 0}, "missing_lines": [148], "excluded_lines": []}}, "classes": {"": {"executed_lines": [1, 8, 9, 11, 12, 14, 21, 22, 23, 26, 34, 35, 38, 41, 61, 62, 66, 67, 70, 71, 74, 75, 76, 77, 81, 82, 84, 87, 88, 91, 92, 93, 95, 98, 104, 105, 106, 108, 109, 110, 111, 112, 113, 114, 115, 116, 117, 118, 119, 120, 121, 122, 123, 124, 126, 128, 131, 133, 134, 135, 147], "summary": {"covered_lines": 60, "num_statements": 61, "percent_covered": 98.36065573770492, "percent_covered_display": "98", "missing_lines": 1, "excluded_lines": 0}, "missing_lines": [148], "excluded_lines": []}}}, "ygoapi/card_services.py": {"executed_lines": [1, 8, 9, 10, 11, 12, 13, 15, 21, 26, 27, 35, 37, 39, 40, 42, 43, 44, 46, 47, 54, 55, 57, 62, 63, 65, 66, 68, 70, 71, 72, 74, 75, 82, 84, 87, 90, 91, 92, 93, 96, 97, 100, 101, 102, 103, 106, 109, 110, 111, 113, 115, 125, 126, 133, 134, 137, 138, 139, 142, 145, 146, 147, 150, 153, 154, 160, 161, 168, 169, 172, 176, 181, 182, 192, 193, 196, 201, 202, 204, 210, 211, 213, 214, 215, 217, 218, 228, 230, 233, 234, 235, 237, 238, 239, 241, 244, 246, 247, 249, 251, 252, 254, 256, 257, 258, 260, 261, 271, 273, 274, 275, 276, 279, 280, 281, 282, 283, 284, 287, 290, 293, 328, 330, 331, 338, 340, 341, 343, 346, 349, 352, 355, 356, 359, 360, 363, 364, 365, 367, 368, 371, 374, 375, 378, 379, 380, 384, 385, 387, 390, 393, 394, 406, 407, 408, 409, 410, 411, 418, 421, 422, 423, 424, 425, 426, 427, 428, 429, 430, 435, 436, 440, 442, 452, 453, 460, 461, 464, 467, 468, 469, 472, 475, 476, 482, 483, 485, 486, 488, 489, 499, 500, 503, 504, 506, 507, 510, 511, 513, 515, 516, 517, 519, 520, 530, 532, 533, 535, 536, 539, 540, 541, 542, 544, 545, 547, 548, 549, 552, 553, 554], "summary": {"covered_lines": 218, "num_statements": 254, "percent_covered": 85.8267716535433, "percent_covered_display": "86", "missing_lines": 36, "excluded_lines": 0}, "missing_lines": [121, 122, 123, 151, 156, 157, 158, 173, 174, 177, 178, 179, 197, 198, 206, 207, 208, 344, 382, 396, 397, 398, 399, 400, 412, 413, 414, 431, 432, 448, 449, 450, 473, 478, 479, 480], "excluded_lines": [], "functions": {"CardSetService.__init__": {"executed_lines": [43, 44], "summary": {"covered_lines": 2, "num_statements": 2, "percent_covered": 100.0, "percent_covered_display": "100", "missing_lines": 0, "excluded_lines": 0}, "missing_lines": [], "excluded_lines": []}, "CardSetService.fetch_all_card_sets": {"executed_lines": [54, 55, 57, 62, 63, 65, 66, 68, 70, 71, 72], "summary": {"covered_lines": 11, "num_statements": 11, "percent_covered": 100.0, "percent_covered_display": "100", "missing_lines": 0, "excluded_lines": 0}, "missing_lines": [], "excluded_lines": []}, "CardSetService.upload_card_sets_to_cache": {"executed_lines": [82, 84, 87, 90, 91, 92, 93, 96, 97, 100, 101, 102, 103, 106, 109, 110, 111, 113, 115], "summary": {"covered_lines": 19, "num_statements": 22, "percent_covered": 86.36363636363636, "percent_covered_display": "86", "missing_lines": 3, "excluded_lines": 0}, "missing_lines": [121, 122, 123], "excluded_lines": []}, "CardSetService.get_cached_card_sets": {"executed_lines": [133, 134, 137, 138, 139, 142, 145, 146, 147, 150, 153, 154], "summary": {"covered_lines": 12, "num_statements": 16, "percent_covered": 75.0, "percent_covered_display": "75", "missing_lines": 4, "excluded_lines": 0}, "missing_lines": [151, 156, 157, 158], "excluded_lines": []}, "CardSetService.get_card_sets_count": {"executed_lines": [168, 169, 172, 176], "summary": {"covered_lines": 4, "num_statements": 9, "percent_covered": 44.44444444444444, "percent_covered_display": "44", "missing_lines": 5, "excluded_lines": 0}, "missing_lines": [173, 174, 177, 178, 179], "excluded_lines": []}, "CardSetService.search_card_sets": {"executed_lines": [192, 193, 196, 201, 202, 204], "summary": {"covered_lines": 6, "num_statements": 11, "percent_covered": 54.54545454545455, "percent_covered_display": "55", "missing_lines": 5, "excluded_lines": 0}, "missing_lines": [197, 198, 206, 207, 208], "excluded_lines": []}, "CardVariantService.__init__": {"executed_lines": [214, 215], "summary": {"covered_lines": 2, "num_statements": 2, "percent_covered": 100.0, "percent_covered_display": "100", "missing_lines": 0, "excluded_lines": 0}, "missing_lines": [], "excluded_lines": []}, "CardVariantService.fetch_cards_from_set": {"executed_lines": [228, 230, 233, 234, 235, 237, 238, 239, 241, 244, 246, 247, 249, 251, 252, 254, 256, 257, 258], "summary": {"covered_lines": 19, "num_statements": 19, "percent_covered": 100.0, "percent_covered_display": "100", "missing_lines": 0, "excluded_lines": 0}, "missing_lines": [], "excluded_lines": []}, "CardVariantService.create_card_variants": {"executed_lines": [271, 273, 274, 275, 276, 279, 280, 281, 282, 283, 284, 287, 290, 293, 328], "summary": {"covered_lines": 15, "num_statements": 15, "percent_covered": 100.0, "percent_covered_display": "100", "missing_lines": 0, "excluded_lines": 0}, "missing_lines": [], "excluded_lines": []}, "CardVariantService.upload_card_variants_to_cache": {"executed_lines": [338, 340, 341, 343, 346, 349, 352, 355, 356, 359, 360, 363, 364, 365, 367, 368, 371, 374, 375, 378, 379, 380, 384, 385, 387, 390, 393, 394, 406, 407, 408, 409, 410, 411, 418, 421, 422, 423, 424, 425, 426, 427, 428, 429, 430, 435, 436, 440, 442], "summary": {"covered_lines": 49, "num_statements": 64, "percent_covered": 76.5625, "percent_covered_display": "77", "missing_lines": 15, "excluded_lines": 0}, "missing_lines": [344, 382, 396, 397, 398, 399, 400, 412, 413, 414, 431, 432, 448, 449, 450], "excluded_lines": []}, "CardVariantService.get_cached_card_variants": {"executed_lines": [460, 461, 464, 467, 468, 469, 472, 475, 476], "summary": {"covered_lines": 9, "num_statements": 13, "percent_covered": 69.23076923076923, "percent_covered_display": "69", "missing_lines": 4, "excluded_lines": 0}, "missing_lines": [473, 478, 479, 480], "excluded_lines": []}, "CardLookupService.__init__": {"executed_lines": [486], "summary": {"covered_lines": 1, "num_statements": 1, "percent_covered": 100.0, "percent_covered_display": "100", "missing_lines": 0, "excluded_lines": 0}, "missing_lines": [], "excluded_lines": []}, "CardLookupService.lookup_card_info_from_cache": {"executed_lines": [499, 500, 503, 504, 506, 507, 510, 511, 513, 515, 516, 517], "summary": {"covered_lines": 12, "num_statements": 12, "percent_covered": 100.0, "percent_covered_display": "100", "missing_lines": 0, "excluded_lines": 0}, "missing_lines": [], "excluded_lines": []}, "CardLookupService.lookup_card_name_from_ygo_api": {"executed_lines": [530, 532, 533, 535, 536, 539, 540, 541, 542, 544, 545, 547, 548, 549], "summary": {"covered_lines": 14, "num_statements": 14, "percent_covered": 100.0, "percent_covered_display": "100", "missing_lines": 0, "excluded_lines": 0}, "missing_lines": [], "excluded_lines": []}, "": {"executed_lines": [1, 8, 9, 10, 11, 12, 13, 15, 21, 26, 27, 35, 37, 39, 40, 42, 46, 47, 74, 75, 125, 126, 160, 161, 181, 182, 210, 211, 213, 217, 218, 260, 261, 330, 331, 452, 453, 482, 483, 485, 488, 489, 519, 520, 552, 553, 554], "summary": {"covered_lines": 43, "num_statements": 43, "percent_covered": 100.0, "percent_covered_display": "100", "missing_lines": 0, "excluded_lines": 0}, "missing_lines": [], "excluded_lines": []}}, "classes": {"CardSetService": {"executed_lines": [43, 44, 54, 55, 57, 62, 63, 65, 66, 68, 70, 71, 72, 82, 84, 87, 90, 91, 92, 93, 96, 97, 100, 101, 102, 103, 106, 109, 110, 111, 113, 115, 133, 134, 137, 138, 139, 142, 145, 146, 147, 150, 153, 154, 168, 169, 172, 176, 192, 193, 196, 201, 202, 204], "summary": {"covered_lines": 54, "num_statements": 71, "percent_covered": 76.05633802816901, "percent_covered_display": "76", "missing_lines": 17, "excluded_lines": 0}, "missing_lines": [121, 122, 123, 151, 156, 157, 158, 173, 174, 177, 178, 179, 197, 198, 206, 207, 208], "excluded_lines": []}, "CardVariantService": {"executed_lines": [214, 215, 228, 230, 233, 234, 235, 237, 238, 239, 241, 244, 246, 247, 249, 251, 252, 254, 256, 257, 258, 271, 273, 274, 275, 276, 279, 280, 281, 282, 283, 284, 287, 290, 293, 328, 338, 340, 341, 343, 346, 349, 352, 355, 356, 359, 360, 363, 364, 365, 367, 368, 371, 374, 375, 378, 379, 380, 384, 385, 387, 390, 393, 394, 406, 407, 408, 409, 410, 411, 418, 421, 422, 423, 424, 425, 426, 427, 428, 429, 430, 435, 436, 440, 442, 460, 461, 464, 467, 468, 469, 472, 475, 476], "summary": {"covered_lines": 94, "num_statements": 113, "percent_covered": 83.1858407079646, "percent_covered_display": "83", "missing_lines": 19, "excluded_lines": 0}, "missing_lines": [344, 382, 396, 397, 398, 399, 400, 412, 413, 414, 431, 432, 448, 449, 450, 473, 478, 479, 480], "excluded_lines": []}, "CardLookupService": {"executed_lines": [486, 499, 500, 503, 504, 506, 507, 510, 511, 513, 515, 516, 517, 530, 532, 533, 535, 536, 539, 540, 541, 542, 544, 545, 547, 548, 549], "summary": {"covered_lines": 27, "num_statements": 27, "percent_covered": 100.0, "percent_covered_display": "100", "missing_lines": 0, "excluded_lines": 0}, "missing_lines": [], "excluded_lines": []}, "": {"executed_lines": [1, 8, 9, 10, 11, 12, 13, 15, 21, 26, 27, 35, 37, 39, 40, 42, 46, 47, 74, 75, 125, 126, 160, 161, 181, 182, 210, 211, 213, 217, 218, 260, 261, 330, 331, 452, 453, 482, 483, 485, 488, 489, 519, 520, 552, 553, 554], "summary": {"covered_lines": 43, "num_statements": 43, "percent_covered": 100.0, "percent_covered_display": "100", "missing_lines": 0, "excluded_lines": 0}, "missing_lines": [], "excluded_lines": []}}}, "ygoapi/config.py": {"executed_lines": [1, 8, 9, 12, 14, 17, 20, 21, 22, 25, 26, 30, 31, 32, 33, 34, 39, 40, 41, 42, 45, 51, 52, 55, 56, 59, 60, 63, 64, 67, 70, 71, 72, 75, 76, 79, 80, 83, 88, 93, 98, 103, 108, 110, 114, 122, 123], "summary": {"covered_lines": 46, "num_statements": 58, "percent_covered": 79.3103448275862, "percent_covered_display": "79", "missing_lines": 12, "excluded_lines": 0}, "missing_lines": [85, 90, 95, 100, 105, 125, 126, 127, 129, 130, 131, 133], "excluded_lines": [], "functions": {"get_mongodb_connection_string": {"executed_lines": [], "summary": {"covered_lines": 0, "num_statements": 1, "percent_covered": 0.0, "percent_covered_display": "0", "missing_lines": 1, "excluded_lines": 0}, "missing_lines": [85], "excluded_lines": []}, "get_port": {"executed_lines": [], "summary": {"covered_lines": 0, "num_statements": 1, "percent_covered": 0.0, "percent_covered_display": "0", "missing_lines": 1, "excluded_lines": 0}, "missing_lines": [90], "excluded_lines": []}, "get_debug_mode": {"executed_lines": [], "summary": {"covered_lines": 0, "num_statements": 1, "percent_covered": 0.0, "percent_covered_display": "0", "missing_lines": 1, "excluded_lines": 0}, "missing_lines": [95], "excluded_lines": []}, "get_memory_limit_mb": {"executed_lines": [], "summary": {"covered_lines": 0, "num_statements": 1, "percent_covered": 0.0, "percent_covered_display": "0", "missing_lines": 1, "excluded_lines": 0}, "missing_lines": [100], "excluded_lines": []}, "is_production": {"executed_lines": [], "summary": {"covered_lines": 0, "num_statements": 1, "percent_covered": 0.0, "percent_covered_display": "0", "missing_lines": 1, "excluded_lines": 0}, "missing_lines": [105], "excluded_lines": []}, "get_log_level": {"executed_lines": [110], "summary": {"covered_lines": 1, "num_statements": 1, "percent_covered": 100.0, "percent_covered_display": "100", "missing_lines": 0, "excluded_lines": 0}, "missing_lines": [], "excluded_lines": []}, "validate_config": {"executed_lines": [122, 123], "summary": {"covered_lines": 2, "num_statements": 9, "percent_covered": 22.22222222222222, "percent_covered_display": "22", "missing_lines": 7, "excluded_lines": 0}, "missing_lines": [125, 126, 127, 129, 130, 131, 133], "excluded_lines": []}, "": {"executed_lines": [1, 8, 9, 12, 14, 17, 20, 21, 22, 25, 26, 30, 31, 32, 33, 34, 39, 40, 41, 42, 45, 51, 52, 55, 56, 59, 60, 63, 64, 67, 70, 71, 72, 75, 76, 79, 80, 83, 88, 93, 98, 103, 108, 114], "summary": {"covered_lines": 43, "num_statements": 43, "percent_covered": 100.0, "percent_covered_display": "100", "missing_lines": 0, "excluded_lines": 0}, "missing_lines": [], "excluded_lines": []}}, "classes": {"": {"executed_lines": [1, 8, 9, 12, 14, 17, 20, 21, 22, 25, 26, 30, 31, 32, 33, 34, 39, 40, 41, 42, 45, 51, 52, 55, 56, 59, 60, 63, 64, 67, 70, 71, 72, 75, 76, 79, 80, 83, 88, 93, 98, 103, 108, 110, 114, 122, 123], "summary": {"covered_lines": 46, "num_statements": 58, "percent_covered": 79.3103448275862, "percent_covered_display": "79", "missing_lines": 12, "excluded_lines": 0}, "missing_lines": [85, 90, 95, 100, 105, 125, 126, 127, 129, 130, 131, 133], "excluded_lines": []}}}, "ygoapi/database.py": {"executed_lines": [1, 8, 9, 10, 11, 12, 14, 15, 16, 18, 26, 28, 31, 32, 37, 38, 39, 43, 46, 47, 49, 51, 52, 53, 54, 55, 56, 58, 59, 61, 63, 65, 73, 74, 77, 79, 80, 82, 91, 92, 94, 95, 98, 99, 107, 108, 110, 111, 112, 113, 115, 117, 124, 125, 128, 130, 131, 132, 134, 136, 138, 148, 149, 150, 151, 153, 155, 156, 157, 159, 161, 162, 165, 167, 168, 171, 172, 180, 181, 184, 185, 187, 188, 189, 190, 194, 196, 197, 204, 205, 208, 210, 211, 221, 222, 225, 227, 229, 231, 239, 240, 243, 245, 246, 247, 249, 250, 251, 252, 253, 257, 260, 263, 264, 265, 268, 269, 276, 277, 280, 281, 288, 289, 292, 293, 303, 304, 307, 309, 310, 313, 315, 316, 319, 321, 322, 325, 328, 329, 330, 333, 341, 342, 343], "summary": {"covered_lines": 142, "num_statements": 150, "percent_covered": 94.66666666666667, "percent_covered_display": "95", "missing_lines": 8, "excluded_lines": 0}, "missing_lines": [133, 163, 169, 206, 223, 248, 345, 346], "excluded_lines": [], "functions": {"DatabaseManager.__init__": {"executed_lines": [38, 39, 43, 46, 47], "summary": {"covered_lines": 5, "num_statements": 5, "percent_covered": 100.0, "percent_covered_display": "100", "missing_lines": 0, "excluded_lines": 0}, "missing_lines": [], "excluded_lines": []}, "DatabaseManager._cleanup_connections": {"executed_lines": [51, 52, 53, 54, 55, 56, 58, 59], "summary": {"covered_lines": 8, "num_statements": 8, "percent_covered": 100.0, "percent_covered_display": "100", "missing_lines": 0, "excluded_lines": 0}, "missing_lines": [], "excluded_lines": []}, "DatabaseManager._is_database_disabled": {"executed_lines": [63], "summary": {"covered_lines": 1, "num_statements": 1, "percent_covered": 100.0, "percent_covered_display": "100", "missing_lines": 0, "excluded_lines": 0}, "missing_lines": [], "excluded_lines": []}, "DatabaseManager.get_client": {"executed_lines": [73, 74, 77, 79, 80, 82, 91, 92, 94, 95, 98, 99, 107, 108, 110, 111, 112, 113, 115], "summary": {"covered_lines": 19, "num_statements": 19, "percent_covered": 100.0, "percent_covered_display": "100", "missing_lines": 0, "excluded_lines": 0}, "missing_lines": [], "excluded_lines": []}, "DatabaseManager.get_database": {"executed_lines": [124, 125, 128, 130, 131, 132, 134, 136], "summary": {"covered_lines": 8, "num_statements": 9, "percent_covered": 88.88888888888889, "percent_covered_display": "89", "missing_lines": 1, "excluded_lines": 0}, "missing_lines": [133], "excluded_lines": []}, "DatabaseManager.get_collection": {"executed_lines": [148, 149, 150, 151], "summary": {"covered_lines": 4, "num_statements": 4, "percent_covered": 100.0, "percent_covered_display": "100", "missing_lines": 0, "excluded_lines": 0}, "missing_lines": [], "excluded_lines": []}, "DatabaseManager.get_card_sets_collection": {"executed_lines": [155, 156, 157], "summary": {"covered_lines": 3, "num_statements": 3, "percent_covered": 100.0, "percent_covered_display": "100", "missing_lines": 0, "excluded_lines": 0}, "missing_lines": [], "excluded_lines": []}, "DatabaseManager.get_card_variants_collection": {"executed_lines": [161, 162], "summary": {"covered_lines": 2, "num_statements": 3, "percent_covered": 66.66666666666667, "percent_covered_display": "67", "missing_lines": 1, "excluded_lines": 0}, "missing_lines": [163], "excluded_lines": []}, "DatabaseManager.get_price_cache_collection": {"executed_lines": [167, 168], "summary": {"covered_lines": 2, "num_statements": 3, "percent_covered": 66.66666666666667, "percent_covered_display": "67", "missing_lines": 1, "excluded_lines": 0}, "missing_lines": [169], "excluded_lines": []}, "DatabaseManager.get_connection": {"executed_lines": [180, 181, 184, 185, 187, 188, 189, 190, 194], "summary": {"covered_lines": 9, "num_statements": 9, "percent_covered": 100.0, "percent_covered_display": "100", "missing_lines": 0, "excluded_lines": 0}, "missing_lines": [], "excluded_lines": []}, "DatabaseManager.get_database_context": {"executed_lines": [204, 205, 208], "summary": {"covered_lines": 3, "num_statements": 4, "percent_covered": 75.0, "percent_covered_display": "75", "missing_lines": 1, "excluded_lines": 0}, "missing_lines": [206], "excluded_lines": []}, "DatabaseManager.get_collection_context": {"executed_lines": [221, 222, 225], "summary": {"covered_lines": 3, "num_statements": 4, "percent_covered": 75.0, "percent_covered_display": "75", "missing_lines": 1, "excluded_lines": 0}, "missing_lines": [223], "excluded_lines": []}, "DatabaseManager.close": {"executed_lines": [229], "summary": {"covered_lines": 1, "num_statements": 1, "percent_covered": 100.0, "percent_covered_display": "100", "missing_lines": 0, "excluded_lines": 0}, "missing_lines": [], "excluded_lines": []}, "DatabaseManager.test_connection": {"executed_lines": [239, 240, 243, 245, 246, 247, 249, 250, 251, 252, 253], "summary": {"covered_lines": 11, "num_statements": 12, "percent_covered": 91.66666666666667, "percent_covered_display": "92", "missing_lines": 1, "excluded_lines": 0}, "missing_lines": [248], "excluded_lines": []}, "get_database_manager": {"executed_lines": [263, 264, 265], "summary": {"covered_lines": 3, "num_statements": 3, "percent_covered": 100.0, "percent_covered_display": "100", "missing_lines": 0, "excluded_lines": 0}, "missing_lines": [], "excluded_lines": []}, "get_mongo_client": {"executed_lines": [276, 277], "summary": {"covered_lines": 2, "num_statements": 2, "percent_covered": 100.0, "percent_covered_display": "100", "missing_lines": 0, "excluded_lines": 0}, "missing_lines": [], "excluded_lines": []}, "get_database": {"executed_lines": [288, 289], "summary": {"covered_lines": 2, "num_statements": 2, "percent_covered": 100.0, "percent_covered_display": "100", "missing_lines": 0, "excluded_lines": 0}, "missing_lines": [], "excluded_lines": []}, "get_collection": {"executed_lines": [303, 304], "summary": {"covered_lines": 2, "num_statements": 2, "percent_covered": 100.0, "percent_covered_display": "100", "missing_lines": 0, "excluded_lines": 0}, "missing_lines": [], "excluded_lines": []}, "get_card_sets_collection": {"executed_lines": [309, 310], "summary": {"covered_lines": 2, "num_statements": 2, "percent_covered": 100.0, "percent_covered_display": "100", "missing_lines": 0, "excluded_lines": 0}, "missing_lines": [], "excluded_lines": []}, "get_card_variants_collection": {"executed_lines": [315, 316], "summary": {"covered_lines": 2, "num_statements": 2, "percent_covered": 100.0, "percent_covered_display": "100", "missing_lines": 0, "excluded_lines": 0}, "missing_lines": [], "excluded_lines": []}, "get_price_cache_collection": {"executed_lines": [321, 322], "summary": {"covered_lines": 2, "num_statements": 2, "percent_covered": 100.0, "percent_covered_display": "100", "missing_lines": 0, "excluded_lines": 0}, "missing_lines": [], "excluded_lines": []}, "close_database_connections": {"executed_lines": [328, 329, 330], "summary": {"covered_lines": 3, "num_statements": 3, "percent_covered": 100.0, "percent_covered_display": "100", "missing_lines": 0, "excluded_lines": 0}, "missing_lines": [], "excluded_lines": []}, "test_database_connection": {"executed_lines": [341, 342, 343], "summary": {"covered_lines": 3, "num_statements": 5, "percent_covered": 60.0, "percent_covered_display": "60", "missing_lines": 2, "excluded_lines": 0}, "missing_lines": [345, 346], "excluded_lines": []}, "": {"executed_lines": [1, 8, 9, 10, 11, 12, 14, 15, 16, 18, 26, 28, 31, 32, 37, 49, 61, 65, 117, 138, 153, 159, 165, 171, 172, 196, 197, 210, 211, 227, 231, 257, 260, 268, 269, 280, 281, 292, 293, 307, 313, 319, 325, 333], "summary": {"covered_lines": 42, "num_statements": 42, "percent_covered": 100.0, "percent_covered_display": "100", "missing_lines": 0, "excluded_lines": 0}, "missing_lines": [], "excluded_lines": []}}, "classes": {"DatabaseManager": {"executed_lines": [38, 39, 43, 46, 47, 51, 52, 53, 54, 55, 56, 58, 59, 63, 73, 74, 77, 79, 80, 82, 91, 92, 94, 95, 98, 99, 107, 108, 110, 111, 112, 113, 115, 124, 125, 128, 130, 131, 132, 134, 136, 148, 149, 150, 151, 155, 156, 157, 161, 162, 167, 168, 180, 181, 184, 185, 187, 188, 189, 190, 194, 204, 205, 208, 221, 222, 225, 229, 239, 240, 243, 245, 246, 247, 249, 250, 251, 252, 253], "summary": {"covered_lines": 79, "num_statements": 85, "percent_covered": 92.94117647058823, "percent_covered_display": "93", "missing_lines": 6, "excluded_lines": 0}, "missing_lines": [133, 163, 169, 206, 223, 248], "excluded_lines": []}, "": {"executed_lines": [1, 8, 9, 10, 11, 12, 14, 15, 16, 18, 26, 28, 31, 32, 37, 49, 61, 65, 117, 138, 153, 159, 165, 171, 172, 196, 197, 210, 211, 227, 231, 257, 260, 263, 264, 265, 268, 269, 276, 277, 280, 281, 288, 289, 292, 293, 303, 304, 307, 309, 310, 313, 315, 316, 319, 321, 322, 325, 328, 329, 330, 333, 341, 342, 343], "summary": {"covered_lines": 63, "num_statements": 65, "percent_covered": 96.92307692307692, "percent_covered_display": "97", "missing_lines": 2, "excluded_lines": 0}, "missing_lines": [345, 346], "excluded_lines": []}}}, "ygoapi/memory_manager.py": {"executed_lines": [1, 9, 10, 11, 12, 13, 14, 15, 16, 17, 18, 19, 20, 22, 24, 25, 29, 30, 31, 32, 33, 34, 35, 37, 58, 82, 87, 89, 90, 91, 92, 94, 96, 97, 98, 100, 107, 108, 119, 131, 132, 133, 134, 135, 136, 139, 140, 141, 142, 143, 144, 145, 146, 147, 149, 151, 152, 157, 159, 160, 161, 162, 164, 176, 178, 179, 181, 183, 184, 186, 188, 189, 191, 193, 196, 197, 198, 199, 200, 201, 204, 207, 208, 211, 212, 215, 216, 218, 220, 221, 222, 223, 226, 227, 228, 230, 231, 232, 234, 236, 237, 238, 240, 241, 242, 243, 244, 245, 246, 248, 252, 256, 260, 264, 266, 267, 269, 273, 300, 303, 304, 307, 309, 316, 319, 321, 324, 325, 326, 331, 332, 334, 342, 344, 364, 371, 373, 374, 376, 377, 378, 380, 391, 403, 420, 438, 445, 446, 463, 465, 468, 469, 470, 472, 474, 475, 477, 479, 480, 482, 484, 485, 489, 494, 499, 504, 505], "summary": {"covered_lines": 164, "num_statements": 282, "percent_covered": 58.156028368794324, "percent_covered_display": "58", "missing_lines": 118, "excluded_lines": 0}, "missing_lines": [39, 40, 41, 42, 45, 46, 47, 48, 49, 52, 53, 54, 55, 56, 60, 61, 63, 65, 66, 67, 68, 71, 73, 74, 75, 76, 78, 79, 80, 84, 85, 254, 258, 262, 271, 275, 278, 281, 282, 284, 285, 287, 288, 290, 297, 298, 310, 311, 312, 313, 317, 322, 336, 337, 338, 339, 340, 345, 346, 347, 350, 351, 352, 353, 356, 357, 358, 359, 361, 362, 366, 367, 368, 369, 393, 394, 395, 400, 401, 405, 408, 410, 411, 412, 414, 416, 417, 418, 422, 424, 425, 426, 427, 429, 432, 433, 435, 436, 440, 441, 442, 443, 448, 449, 450, 452, 453, 454, 455, 456, 491, 492, 496, 497, 501, 502, 507, 508], "excluded_lines": [], "functions": {"AdvancedCache.__init__": {"executed_lines": [30, 31, 32, 33, 34, 35], "summary": {"covered_lines": 6, "num_statements": 6, "percent_covered": 100.0, "percent_covered_display": "100", "missing_lines": 0, "excluded_lines": 0}, "missing_lines": [], "excluded_lines": []}, "AdvancedCache.get": {"executed_lines": [], "summary": {"covered_lines": 0, "num_statements": 14, "percent_covered": 0.0, "percent_covered_display": "0", "missing_lines": 14, "excluded_lines": 0}, "missing_lines": [39, 40, 41, 42, 45, 46, 47, 48, 49, 52, 53, 54, 55, 56], "excluded_lines": []}, "AdvancedCache.set": {"executed_lines": [], "summary": {"covered_lines": 0, "num_statements": 15, "percent_covered": 0.0, "percent_covered_display": "0", "missing_lines": 15, "excluded_lines": 0}, "missing_lines": [60, 61, 63, 65, 66, 67, 68, 71, 73, 74, 75, 76, 78, 79, 80], "excluded_lines": []}, "AdvancedCache.size": {"executed_lines": [], "summary": {"covered_lines": 0, "num_statements": 2, "percent_covered": 0.0, "percent_covered_display": "0", "missing_lines": 2, "excluded_lines": 0}, "missing_lines": [84, 85], "excluded_lines": []}, "AdvancedCache.clear": {"executed_lines": [89, 90, 91, 92], "summary": {"covered_lines": 4, "num_statements": 4, "percent_covered": 100.0, "percent_covered_display": "100", "missing_lines": 0, "excluded_lines": 0}, "missing_lines": [], "excluded_lines": []}, "AdvancedCache.get_stats": {"executed_lines": [96, 97, 98, 100], "summary": {"covered_lines": 4, "num_statements": 4, "percent_covered": 100.0, "percent_covered_display": "100", "missing_lines": 0, "excluded_lines": 0}, "missing_lines": [], "excluded_lines": []}, "MemoryManager.__init__": {"executed_lines": [131, 132, 133, 134, 135, 136, 139, 140, 141, 142, 143, 144, 145, 146, 147, 149, 151, 152], "summary": {"covered_lines": 18, "num_statements": 18, "percent_covered": 100.0, "percent_covered_display": "100", "missing_lines": 0, "excluded_lines": 0}, "missing_lines": [], "excluded_lines": []}, "MemoryManager.get_current_memory_usage": {"executed_lines": [159, 160, 161, 162, 164], "summary": {"covered_lines": 5, "num_statements": 5, "percent_covered": 100.0, "percent_covered_display": "100", "missing_lines": 0, "excluded_lines": 0}, "missing_lines": [], "excluded_lines": []}, "MemoryManager.is_memory_critical": {"executed_lines": [178, 179], "summary": {"covered_lines": 2, "num_statements": 2, "percent_covered": 100.0, "percent_covered_display": "100", "missing_lines": 0, "excluded_lines": 0}, "missing_lines": [], "excluded_lines": []}, "MemoryManager.is_memory_warning": {"executed_lines": [183, 184], "summary": {"covered_lines": 2, "num_statements": 2, "percent_covered": 100.0, "percent_covered_display": "100", "missing_lines": 0, "excluded_lines": 0}, "missing_lines": [], "excluded_lines": []}, "MemoryManager.register_cleanup_callback": {"executed_lines": [188, 189], "summary": {"covered_lines": 2, "num_statements": 2, "percent_covered": 100.0, "percent_covered_display": "100", "missing_lines": 0, "excluded_lines": 0}, "missing_lines": [], "excluded_lines": []}, "MemoryManager.force_cleanup": {"executed_lines": [193, 196, 197, 198, 199, 200, 201, 204, 207, 208, 211, 212, 215, 216], "summary": {"covered_lines": 14, "num_statements": 14, "percent_covered": 100.0, "percent_covered_display": "100", "missing_lines": 0, "excluded_lines": 0}, "missing_lines": [], "excluded_lines": []}, "MemoryManager.check_memory_and_cleanup": {"executed_lines": [220, 221, 222, 223, 226, 227, 228, 230, 231, 232], "summary": {"covered_lines": 10, "num_statements": 10, "percent_covered": 100.0, "percent_covered_display": "100", "missing_lines": 0, "excluded_lines": 0}, "missing_lines": [], "excluded_lines": []}, "MemoryManager.memory_limit_decorator": {"executed_lines": [236, 237, 248], "summary": {"covered_lines": 3, "num_statements": 3, "percent_covered": 100.0, "percent_covered_display": "100", "missing_lines": 0, "excluded_lines": 0}, "missing_lines": [], "excluded_lines": []}, "MemoryManager.memory_limit_decorator.wrapper": {"executed_lines": [238, 240, 241, 242, 243, 244, 245, 246], "summary": {"covered_lines": 8, "num_statements": 8, "percent_covered": 100.0, "percent_covered_display": "100", "missing_lines": 0, "excluded_lines": 0}, "missing_lines": [], "excluded_lines": []}, "MemoryManager.cache_set": {"executed_lines": [], "summary": {"covered_lines": 0, "num_statements": 1, "percent_covered": 0.0, "percent_covered_display": "0", "missing_lines": 1, "excluded_lines": 0}, "missing_lines": [254], "excluded_lines": []}, "MemoryManager.cache_get": {"executed_lines": [], "summary": {"covered_lines": 0, "num_statements": 1, "percent_covered": 0.0, "percent_covered_display": "0", "missing_lines": 1, "excluded_lines": 0}, "missing_lines": [258], "excluded_lines": []}, "MemoryManager.cache_size": {"executed_lines": [], "summary": {"covered_lines": 0, "num_statements": 1, "percent_covered": 0.0, "percent_covered_display": "0", "missing_lines": 1, "excluded_lines": 0}, "missing_lines": [262], "excluded_lines": []}, "MemoryManager.cleanup_cache": {"executed_lines": [266, 267], "summary": {"covered_lines": 2, "num_statements": 2, "percent_covered": 100.0, "percent_covered_display": "100", "missing_lines": 0, "excluded_lines": 0}, "missing_lines": [], "excluded_lines": []}, "MemoryManager.get_memory_usage": {"executed_lines": [], "summary": {"covered_lines": 0, "num_statements": 1, "percent_covered": 0.0, "percent_covered_display": "0", "missing_lines": 1, "excluded_lines": 0}, "missing_lines": [271], "excluded_lines": []}, "MemoryManager.optimize_memory": {"executed_lines": [], "summary": {"covered_lines": 0, "num_statements": 11, "percent_covered": 0.0, "percent_covered_display": "0", "missing_lines": 11, "excluded_lines": 0}, "missing_lines": [275, 278, 281, 282, 284, 285, 287, 288, 290, 297, 298], "excluded_lines": []}, "MemoryManager._perform_advanced_cleanup": {"executed_lines": [303, 304, 307, 309, 316], "summary": {"covered_lines": 5, "num_statements": 10, "percent_covered": 50.0, "percent_covered_display": "50", "missing_lines": 5, "excluded_lines": 0}, "missing_lines": [310, 311, 312, 313, 317], "excluded_lines": []}, "MemoryManager.start_monitoring": {"executed_lines": [321, 324, 325, 326, 331, 332], "summary": {"covered_lines": 6, "num_statements": 7, "percent_covered": 85.71428571428571, "percent_covered_display": "86", "missing_lines": 1, "excluded_lines": 0}, "missing_lines": [322], "excluded_lines": []}, "MemoryManager.stop_monitoring": {"executed_lines": [], "summary": {"covered_lines": 0, "num_statements": 5, "percent_covered": 0.0, "percent_covered_display": "0", "missing_lines": 5, "excluded_lines": 0}, "missing_lines": [336, 337, 338, 339, 340], "excluded_lines": []}, "MemoryManager._monitoring_loop": {"executed_lines": [344], "summary": {"covered_lines": 1, "num_statements": 14, "percent_covered": 7.142857142857143, "percent_covered_display": "7", "missing_lines": 13, "excluded_lines": 0}, "missing_lines": [345, 346, 347, 350, 351, 352, 353, 356, 357, 358, 359, 361, 362], "excluded_lines": []}, "MemoryManager.set_cleanup_threshold": {"executed_lines": [], "summary": {"covered_lines": 0, "num_statements": 4, "percent_covered": 0.0, "percent_covered_display": "0", "missing_lines": 4, "excluded_lines": 0}, "missing_lines": [366, 367, 368, 369], "excluded_lines": []}, "MemoryManager.get_memory_statistics": {"executed_lines": [373, 374, 376, 377, 378, 380], "summary": {"covered_lines": 6, "num_statements": 6, "percent_covered": 100.0, "percent_covered_display": "100", "missing_lines": 0, "excluded_lines": 0}, "missing_lines": [], "excluded_lines": []}, "MemoryManager.is_healthy": {"executed_lines": [], "summary": {"covered_lines": 0, "num_statements": 5, "percent_covered": 0.0, "percent_covered_display": "0", "missing_lines": 5, "excluded_lines": 0}, "missing_lines": [393, 394, 395, 400, 401], "excluded_lines": []}, "MemoryManager.handle_memory_pressure": {"executed_lines": [], "summary": {"covered_lines": 0, "num_statements": 9, "percent_covered": 0.0, "percent_covered_display": "0", "missing_lines": 9, "excluded_lines": 0}, "missing_lines": [405, 408, 410, 411, 412, 414, 416, 417, 418], "excluded_lines": []}, "MemoryManager.init_app": {"executed_lines": [], "summary": {"covered_lines": 0, "num_statements": 7, "percent_covered": 0.0, "percent_covered_display": "0", "missing_lines": 7, "excluded_lines": 0}, "missing_lines": [422, 424, 429, 432, 433, 435, 436], "excluded_lines": []}, "MemoryManager.init_app.flask_cleanup": {"executed_lines": [], "summary": {"covered_lines": 0, "num_statements": 3, "percent_covered": 0.0, "percent_covered_display": "0", "missing_lines": 3, "excluded_lines": 0}, "missing_lines": [425, 426, 427], "excluded_lines": []}, "MemoryManager.cleanup": {"executed_lines": [], "summary": {"covered_lines": 0, "num_statements": 4, "percent_covered": 0.0, "percent_covered_display": "0", "missing_lines": 4, "excluded_lines": 0}, "missing_lines": [440, 441, 442, 443], "excluded_lines": []}, "MemoryManager.memory_context": {"executed_lines": [], "summary": {"covered_lines": 0, "num_statements": 8, "percent_covered": 0.0, "percent_covered_display": "0", "missing_lines": 8, "excluded_lines": 0}, "missing_lines": [448, 449, 450, 452, 453, 454, 455, 456], "excluded_lines": []}, "get_memory_manager": {"executed_lines": [468, 469, 470], "summary": {"covered_lines": 3, "num_statements": 3, "percent_covered": 100.0, "percent_covered_display": "100", "missing_lines": 0, "excluded_lines": 0}, "missing_lines": [], "excluded_lines": []}, "monitor_memory": {"executed_lines": [474, 475], "summary": {"covered_lines": 2, "num_statements": 2, "percent_covered": 100.0, "percent_covered_display": "100", "missing_lines": 0, "excluded_lines": 0}, "missing_lines": [], "excluded_lines": []}, "get_memory_stats": {"executed_lines": [479, 480], "summary": {"covered_lines": 2, "num_statements": 2, "percent_covered": 100.0, "percent_covered_display": "100", "missing_lines": 0, "excluded_lines": 0}, "missing_lines": [], "excluded_lines": []}, "force_memory_cleanup": {"executed_lines": [484, 485], "summary": {"covered_lines": 2, "num_statements": 2, "percent_covered": 100.0, "percent_covered_display": "100", "missing_lines": 0, "excluded_lines": 0}, "missing_lines": [], "excluded_lines": []}, "optimize_memory": {"executed_lines": [], "summary": {"covered_lines": 0, "num_statements": 2, "percent_covered": 0.0, "percent_covered_display": "0", "missing_lines": 2, "excluded_lines": 0}, "missing_lines": [491, 492], "excluded_lines": []}, "cache_set": {"executed_lines": [], "summary": {"covered_lines": 0, "num_statements": 2, "percent_covered": 0.0, "percent_covered_display": "0", "missing_lines": 2, "excluded_lines": 0}, "missing_lines": [496, 497], "excluded_lines": []}, "cache_get": {"executed_lines": [], "summary": {"covered_lines": 0, "num_statements": 2, "percent_covered": 0.0, "percent_covered_display": "0", "missing_lines": 2, "excluded_lines": 0}, "missing_lines": [501, 502], "excluded_lines": []}, "get_system_memory_info": {"executed_lines": [], "summary": {"covered_lines": 0, "num_statements": 2, "percent_covered": 0.0, "percent_covered_display": "0", "missing_lines": 2, "excluded_lines": 0}, "missing_lines": [507, 508], "excluded_lines": []}, "": {"executed_lines": [1, 9, 10, 11, 12, 13, 14, 15, 16, 17, 18, 19, 20, 22, 24, 25, 29, 37, 58, 82, 87, 94, 107, 108, 119, 157, 176, 181, 186, 191, 218, 234, 252, 256, 260, 264, 269, 273, 300, 319, 334, 342, 364, 371, 391, 403, 420, 438, 445, 446, 463, 465, 472, 477, 482, 489, 494, 499, 504, 505], "summary": {"covered_lines": 57, "num_statements": 57, "percent_covered": 100.0, "percent_covered_display": "100", "missing_lines": 0, "excluded_lines": 0}, "missing_lines": [], "excluded_lines": []}}, "classes": {"AdvancedCache": {"executed_lines": [30, 31, 32, 33, 34, 35, 89, 90, 91, 92, 96, 97, 98, 100], "summary": {"covered_lines": 14, "num_statements": 45, "percent_covered": 31.11111111111111, "percent_covered_display": "31", "missing_lines": 31, "excluded_lines": 0}, "missing_lines": [39, 40, 41, 42, 45, 46, 47, 48, 49, 52, 53, 54, 55, 56, 60, 61, 63, 65, 66, 67, 68, 71, 73, 74, 75, 76, 78, 79, 80, 84, 85], "excluded_lines": []}, "MemoryManager": {"executed_lines": [131, 132, 133, 134, 135, 136, 139, 140, 141, 142, 143, 144, 145, 146, 147, 149, 151, 152, 159, 160, 161, 162, 164, 178, 179, 183, 184, 188, 189, 193, 196, 197, 198, 199, 200, 201, 204, 207, 208, 211, 212, 215, 216, 220, 221, 222, 223, 226, 227, 228, 230, 231, 232, 236, 237, 238, 240, 241, 242, 243, 244, 245, 246, 248, 266, 267, 303, 304, 307, 309, 316, 321, 324, 325, 326, 331, 332, 344, 373, 374, 376, 377, 378, 380], "summary": {"covered_lines": 84, "num_statements": 163, "percent_covered": 51.533742331288344, "percent_covered_display": "52", "missing_lines": 79, "excluded_lines": 0}, "missing_lines": [254, 258, 262, 271, 275, 278, 281, 282, 284, 285, 287, 288, 290, 297, 298, 310, 311, 312, 313, 317, 322, 336, 337, 338, 339, 340, 345, 346, 347, 350, 351, 352, 353, 356, 357, 358, 359, 361, 362, 366, 367, 368, 369, 393, 394, 395, 400, 401, 405, 408, 410, 411, 412, 414, 416, 417, 418, 422, 424, 425, 426, 427, 429, 432, 433, 435, 436, 440, 441, 442, 443, 448, 449, 450, 452, 453, 454, 455, 456], "excluded_lines": []}, "": {"executed_lines": [1, 9, 10, 11, 12, 13, 14, 15, 16, 17, 18, 19, 20, 22, 24, 25, 29, 37, 58, 82, 87, 94, 107, 108, 119, 157, 176, 181, 186, 191, 218, 234, 252, 256, 260, 264, 269, 273, 300, 319, 334, 342, 364, 371, 391, 403, 420, 438, 445, 446, 463, 465, 468, 469, 470, 472, 474, 475, 477, 479, 480, 482, 484, 485, 489, 494, 499, 504, 505], "summary": {"covered_lines": 66, "num_statements": 74, "percent_covered": 89.1891891891892, "percent_covered_display": "89", "missing_lines": 8, "excluded_lines": 0}, "missing_lines": [491, 492, 496, 497, 501, 502, 507, 508], "excluded_lines": []}}}, "ygoapi/models.py": {"executed_lines": [1, 7, 8, 10, 11, 14, 15, 17, 18, 19, 21, 22, 23, 24, 25, 27, 28, 29, 32, 33, 35, 36, 37, 38, 39, 42, 43, 44, 45, 46, 49, 50, 51, 53, 54, 55, 56, 59, 60, 62, 63, 64, 65, 68, 69, 71, 72, 75, 76, 79, 82, 83, 84, 85, 86, 87, 90, 91, 92, 93, 94, 95, 96, 97, 98, 101, 102, 103, 104, 105, 108, 111, 112, 114, 115, 116, 119, 120, 122, 123, 124, 125, 126, 127, 128, 129, 130, 131, 132, 133, 134, 135, 136, 137, 138, 139, 141, 142, 143, 146, 147, 149, 150, 151, 152, 153, 154, 155, 156, 158, 159, 162, 163, 165, 166, 167, 168, 169, 171, 172, 175, 176, 178, 179, 180, 181, 182, 185, 186, 187, 188, 189, 192, 193, 194, 196, 197, 198, 201, 202, 204, 205, 206, 207, 208, 209, 210, 212, 213], "summary": {"covered_lines": 139, "num_statements": 139, "percent_covered": 100.0, "percent_covered_display": "100", "missing_lines": 0, "excluded_lines": 0}, "missing_lines": [], "excluded_lines": [], "functions": {"PyObjectId.__get_validators__": {"executed_lines": [19], "summary": {"covered_lines": 1, "num_statements": 1, "percent_covered": 100.0, "percent_covered_display": "100", "missing_lines": 0, "excluded_lines": 0}, "missing_lines": [], "excluded_lines": []}, "PyObjectId.validate": {"executed_lines": [23, 24, 25], "summary": {"covered_lines": 3, "num_statements": 3, "percent_covered": 100.0, "percent_covered_display": "100", "missing_lines": 0, "excluded_lines": 0}, "missing_lines": [], "excluded_lines": []}, "PyObjectId.__get_pydantic_json_schema__": {"executed_lines": [29], "summary": {"covered_lines": 1, "num_statements": 1, "percent_covered": 100.0, "percent_covered_display": "100", "missing_lines": 0, "excluded_lines": 0}, "missing_lines": [], "excluded_lines": []}, "": {"executed_lines": [1, 7, 8, 10, 11, 14, 15, 17, 18, 21, 22, 27, 28, 32, 33, 35, 36, 37, 38, 39, 42, 43, 44, 45, 46, 49, 50, 51, 53, 54, 55, 56, 59, 60, 62, 63, 64, 65, 68, 69, 71, 72, 75, 76, 79, 82, 83, 84, 85, 86, 87, 90, 91, 92, 93, 94, 95, 96, 97, 98, 101, 102, 103, 104, 105, 108, 111, 112, 114, 115, 116, 119, 120, 122, 123, 124, 125, 126, 127, 128, 129, 130, 131, 132, 133, 134, 135, 136, 137, 138, 139, 141, 142, 143, 146, 147, 149, 150, 151, 152, 153, 154, 155, 156, 158, 159, 162, 163, 165, 166, 167, 168, 169, 171, 172, 175, 176, 178, 179, 180, 181, 182, 185, 186, 187, 188, 189, 192, 193, 194, 196, 197, 198, 201, 202, 204, 205, 206, 207, 208, 209, 210, 212, 213], "summary": {"covered_lines": 134, "num_statements": 134, "percent_covered": 100.0, "percent_covered_display": "100", "missing_lines": 0, "excluded_lines": 0}, "missing_lines": [], "excluded_lines": []}}, "classes": {"PyObjectId": {"executed_lines": [19, 23, 24, 25, 29], "summary": {"covered_lines": 5, "num_statements": 5, "percent_covered": 100.0, "percent_covered_display": "100", "missing_lines": 0, "excluded_lines": 0}, "missing_lines": [], "excluded_lines": []}, "CardPriceModel": {"executed_lines": [], "summary": {"covered_lines": 0, "num_statements": 0, "percent_covered": 100.0, "percent_covered_display": "100", "missing_lines": 0, "excluded_lines": 0}, "missing_lines": [], "excluded_lines": []}, "CardPriceModel.Config": {"executed_lines": [], "summary": {"covered_lines": 0, "num_statements": 0, "percent_covered": 100.0, "percent_covered_display": "100", "missing_lines": 0, "excluded_lines": 0}, "missing_lines": [], "excluded_lines": []}, "CardSetModel": {"executed_lines": [], "summary": {"covered_lines": 0, "num_statements": 0, "percent_covered": 100.0, "percent_covered_display": "100", "missing_lines": 0, "excluded_lines": 0}, "missing_lines": [], "excluded_lines": []}, "CardSetModel.Config": {"executed_lines": [], "summary": {"covered_lines": 0, "num_statements": 0, "percent_covered": 100.0, "percent_covered_display": "100", "missing_lines": 0, "excluded_lines": 0}, "missing_lines": [], "excluded_lines": []}, "CardVariantModel": {"executed_lines": [], "summary": {"covered_lines": 0, "num_statements": 0, "percent_covered": 100.0, "percent_covered_display": "100", "missing_lines": 0, "excluded_lines": 0}, "missing_lines": [], "excluded_lines": []}, "CardVariantModel.Config": {"executed_lines": [], "summary": {"covered_lines": 0, "num_statements": 0, "percent_covered": 100.0, "percent_covered_display": "100", "missing_lines": 0, "excluded_lines": 0}, "missing_lines": [], "excluded_lines": []}, "CardModel": {"executed_lines": [], "summary": {"covered_lines": 0, "num_statements": 0, "percent_covered": 100.0, "percent_covered_display": "100", "missing_lines": 0, "excluded_lines": 0}, "missing_lines": [], "excluded_lines": []}, "CardModel.Config": {"executed_lines": [], "summary": {"covered_lines": 0, "num_statements": 0, "percent_covered": 100.0, "percent_covered_display": "100", "missing_lines": 0, "excluded_lines": 0}, "missing_lines": [], "excluded_lines": []}, "ProcessingStats": {"executed_lines": [], "summary": {"covered_lines": 0, "num_statements": 0, "percent_covered": 100.0, "percent_covered_display": "100", "missing_lines": 0, "excluded_lines": 0}, "missing_lines": [], "excluded_lines": []}, "ProcessingStats.Config": {"executed_lines": [], "summary": {"covered_lines": 0, "num_statements": 0, "percent_covered": 100.0, "percent_covered_display": "100", "missing_lines": 0, "excluded_lines": 0}, "missing_lines": [], "excluded_lines": []}, "PriceScrapingRequest": {"executed_lines": [], "summary": {"covered_lines": 0, "num_statements": 0, "percent_covered": 100.0, "percent_covered_display": "100", "missing_lines": 0, "excluded_lines": 0}, "missing_lines": [], "excluded_lines": []}, "PriceScrapingRequest.Config": {"executed_lines": [], "summary": {"covered_lines": 0, "num_statements": 0, "percent_covered": 100.0, "percent_covered_display": "100", "missing_lines": 0, "excluded_lines": 0}, "missing_lines": [], "excluded_lines": []}, "PriceScrapingResponse": {"executed_lines": [], "summary": {"covered_lines": 0, "num_statements": 0, "percent_covered": 100.0, "percent_covered_display": "100", "missing_lines": 0, "excluded_lines": 0}, "missing_lines": [], "excluded_lines": []}, "PriceScrapingResponse.Config": {"executed_lines": [], "summary": {"covered_lines": 0, "num_statements": 0, "percent_covered": 100.0, "percent_covered_display": "100", "missing_lines": 0, "excluded_lines": 0}, "missing_lines": [], "excluded_lines": []}, "MemoryStats": {"executed_lines": [], "summary": {"covered_lines": 0, "num_statements": 0, "percent_covered": 100.0, "percent_covered_display": "100", "missing_lines": 0, "excluded_lines": 0}, "missing_lines": [], "excluded_lines": []}, "MemoryStats.Config": {"executed_lines": [], "summary": {"covered_lines": 0, "num_statements": 0, "percent_covered": 100.0, "percent_covered_display": "100", "missing_lines": 0, "excluded_lines": 0}, "missing_lines": [], "excluded_lines": []}, "": {"executed_lines": [1, 7, 8, 10, 11, 14, 15, 17, 18, 21, 22, 27, 28, 32, 33, 35, 36, 37, 38, 39, 42, 43, 44, 45, 46, 49, 50, 51, 53, 54, 55, 56, 59, 60, 62, 63, 64, 65, 68, 69, 71, 72, 75, 76, 79, 82, 83, 84, 85, 86, 87, 90, 91, 92, 93, 94, 95, 96, 97, 98, 101, 102, 103, 104, 105, 108, 111, 112, 114, 115, 116, 119, 120, 122, 123, 124, 125, 126, 127, 128, 129, 130, 131, 132, 133, 134, 135, 136, 137, 138, 139, 141, 142, 143, 146, 147, 149, 150, 151, 152, 153, 154, 155, 156, 158, 159, 162, 163, 165, 166, 167, 168, 169, 171, 172, 175, 176, 178, 179, 180, 181, 182, 185, 186, 187, 188, 189, 192, 193, 194, 196, 197, 198, 201, 202, 204, 205, 206, 207, 208, 209, 210, 212, 213], "summary": {"covered_lines": 134, "num_statements": 134, "percent_covered": 100.0, "percent_covered_display": "100", "missing_lines": 0, "excluded_lines": 0}, "missing_lines": [], "excluded_lines": []}}}, "ygoapi/price_scraping.py": {"executed_lines": [1, 8, 9, 10, 11, 12, 13, 14, 15, 17, 31, 32, 33, 46, 48, 50, 51, 53, 54, 55, 56, 57, 58, 59, 61, 63, 65, 66, 67, 69, 71, 72, 73, 74, 75, 76, 78, 80, 81, 82, 83, 84, 86, 89, 90, 92, 98, 99, 101, 103, 104, 105, 108, 109, 110, 113, 114, 116, 117, 120, 129, 131, 134, 135, 136, 141, 145, 147, 148, 149, 150, 152, 162, 163, 165, 168, 169, 170, 173, 181, 182, 183, 186, 188, 198, 199, 201, 202, 205, 206, 207, 208, 209, 210, 211, 214, 217, 221, 222, 223, 225, 227, 228, 248, 249, 251, 252, 253, 256, 257, 259, 263, 269, 271, 278, 280, 281, 282, 285, 288, 289, 291, 295, 296, 297, 299, 300, 306, 307, 321, 322, 325, 326, 327, 330, 331, 332, 333, 336, 337, 338, 340, 341, 342, 344, 345, 346, 347, 348, 349, 350, 351, 352, 353, 354, 356, 357, 358, 362, 363, 365, 366, 369, 372, 373, 374, 375, 376, 378, 383, 386, 387, 390, 391, 392, 395, 396, 397, 401, 402, 403, 406, 408, 409, 411, 412, 414, 426, 427, 430, 432, 435, 437, 439, 441, 442, 453, 454, 457, 458, 459, 462, 478, 485, 491, 492, 493, 495, 496, 498, 499, 500, 502, 503, 513, 514, 517, 522, 523, 525, 526, 529, 530, 532, 538, 539, 549, 550, 551, 552, 554, 555, 565, 567, 568, 570, 571, 574, 575, 576, 577, 579, 580, 582, 583, 584, 586, 587, 598, 599, 600, 603, 605, 606, 613, 614, 617, 618, 619, 628, 631, 632, 635, 638, 640, 648, 649, 650, 652, 653, 671, 672, 675, 676, 678, 679, 680, 683, 686, 689, 691, 694, 695, 714, 715, 716, 718, 721, 722, 723, 724, 726, 728, 732, 733, 734, 736, 738, 771, 772, 773, 776, 777, 778, 780, 781, 782, 783, 793, 795, 797, 801, 802, 803, 805, 806, 807, 817, 820, 822, 824, 843, 844, 870, 871, 874, 875, 878, 882, 883, 885, 886, 887, 888, 905, 906, 908, 909, 912, 913, 914, 915, 916, 917, 918, 927, 928, 929, 930, 942, 943, 945, 950, 951, 952, 958, 960, 962, 973, 974, 975, 996, 1013, 1014, 1016, 1017, 1018, 1021, 1022, 1024, 1028, 1034, 1035, 1042, 1044, 1045, 1046, 1049, 1052, 1053, 1055, 1056, 1057, 1060, 1062, 1064, 1070, 1071, 1072, 1074, 1075, 1085, 1086, 1088, 1089, 1090, 1091, 1092, 1093, 1094, 1097, 1165, 1166, 1167, 1170, 1172, 1173, 1174, 1175, 1177, 1180, 1181, 1182, 1183, 1184, 1192, 1193, 1194, 1195, 1196, 1197, 1198, 1200, 1201, 1204, 1205, 1206, 1207, 1208, 1213, 1214, 1215, 1218, 1219, 1220, 1222, 1223, 1225, 1226, 1228, 1230, 1231, 1238, 1243, 1244, 1246, 1249, 1251, 1252, 1255, 1257, 1258, 1259, 1260, 1261, 1262, 1264, 1265, 1266, 1270, 1271, 1272, 1274, 1275, 1277, 1278, 1383, 1385, 1386, 1387, 1390], "summary": {"covered_lines": 469, "num_statements": 510, "percent_covered": 91.96078431372548, "percent_covered_display": "92", "missing_lines": 41, "excluded_lines": 0}, "missing_lines": [94, 95, 142, 143, 292, 293, 302, 303, 304, 379, 380, 518, 519, 534, 535, 536, 700, 702, 708, 832, 833, 834, 900, 901, 938, 939, 985, 986, 987, 1185, 1186, 1187, 1188, 1189, 1209, 1210, 1234, 1235, 1239, 1240, 1268], "excluded_lines": [], "functions": {"PriceScrapingService.__init__": {"executed_lines": [54, 55, 56, 57, 58, 59, 61], "summary": {"covered_lines": 7, "num_statements": 7, "percent_covered": 100.0, "percent_covered_display": "100", "missing_lines": 0, "excluded_lines": 0}, "missing_lines": [], "excluded_lines": []}, "PriceScrapingService._ensure_initialized": {"executed_lines": [65, 66, 67], "summary": {"covered_lines": 3, "num_statements": 3, "percent_covered": 100.0, "percent_covered_display": "100", "missing_lines": 0, "excluded_lines": 0}, "missing_lines": [], "excluded_lines": []}, "PriceScrapingService.cleanup_playwright": {"executed_lines": [71, 72, 73, 74, 75, 76, 78, 80, 81, 82, 83, 84, 86, 89, 90, 92, 98, 99], "summary": {"covered_lines": 18, "num_statements": 20, "percent_covered": 90.0, "percent_covered_display": "90", "missing_lines": 2, "excluded_lines": 0}, "missing_lines": [94, 95], "excluded_lines": []}, "PriceScrapingService._initialize_collections": {"executed_lines": [103, 104, 105, 108, 109, 110, 113, 114, 116, 117, 120, 129, 131, 134, 135, 136, 141, 145, 147, 148, 149, 150], "summary": {"covered_lines": 22, "num_statements": 24, "percent_covered": 91.66666666666667, "percent_covered_display": "92", "missing_lines": 2, "excluded_lines": 0}, "missing_lines": [142, 143], "excluded_lines": []}, "PriceScrapingService._normalize_art_variant": {"executed_lines": [162, 163, 165, 168, 169, 170, 173, 181, 182, 183, 186], "summary": {"covered_lines": 11, "num_statements": 11, "percent_covered": 100.0, "percent_covered_display": "100", "missing_lines": 0, "excluded_lines": 0}, "missing_lines": [], "excluded_lines": []}, "PriceScrapingService._get_art_variant_alternatives": {"executed_lines": [198, 199, 201, 202, 205, 206, 207, 208, 209, 210, 211, 214, 217, 221, 222, 223, 225], "summary": {"covered_lines": 17, "num_statements": 17, "percent_covered": 100.0, "percent_covered_display": "100", "missing_lines": 0, "excluded_lines": 0}, "missing_lines": [], "excluded_lines": []}, "PriceScrapingService.find_cached_price_data": {"executed_lines": [248, 249, 251, 252, 253, 256, 257, 259, 263, 269, 271, 278, 280, 281, 282, 285, 288, 289, 291, 295, 296, 297, 299, 300], "summary": {"covered_lines": 24, "num_statements": 29, "percent_covered": 82.75862068965517, "percent_covered_display": "83", "missing_lines": 5, "excluded_lines": 0}, "missing_lines": [292, 293, 302, 303, 304], "excluded_lines": []}, "PriceScrapingService.validate_card_rarity": {"executed_lines": [321, 322, 325, 326, 327, 330, 331, 332, 333, 336, 337, 338, 340, 341, 342, 344, 345, 346, 347, 348, 349, 350, 351, 352, 353, 354, 356, 357, 358, 362, 363, 365, 366, 369, 372, 373, 374, 375, 376, 378, 383, 386, 387, 390, 391, 392, 395, 396, 397, 401, 402, 403, 406, 408, 409, 411, 412], "summary": {"covered_lines": 57, "num_statements": 59, "percent_covered": 96.61016949152543, "percent_covered_display": "97", "missing_lines": 2, "excluded_lines": 0}, "missing_lines": [379, 380], "excluded_lines": []}, "PriceScrapingService._are_rarities_equivalent": {"executed_lines": [426, 427, 430, 432, 435, 437, 439], "summary": {"covered_lines": 7, "num_statements": 7, "percent_covered": 100.0, "percent_covered_display": "100", "missing_lines": 0, "excluded_lines": 0}, "missing_lines": [], "excluded_lines": []}, "PriceScrapingService.save_price_data": {"executed_lines": [453, 454, 457, 458, 459, 462, 478, 485, 491, 492, 493, 495, 496, 498, 499, 500], "summary": {"covered_lines": 16, "num_statements": 16, "percent_covered": 100.0, "percent_covered_display": "100", "missing_lines": 0, "excluded_lines": 0}, "missing_lines": [], "excluded_lines": []}, "PriceScrapingService.lookup_card_info_from_cache": {"executed_lines": [513, 514, 517, 522, 523, 525, 526, 529, 530, 532], "summary": {"covered_lines": 10, "num_statements": 15, "percent_covered": 66.66666666666667, "percent_covered_display": "67", "missing_lines": 5, "excluded_lines": 0}, "missing_lines": [518, 519, 534, 535, 536], "excluded_lines": []}, "PriceScrapingService.lookup_card_name_from_cache": {"executed_lines": [549, 550, 551, 552], "summary": {"covered_lines": 4, "num_statements": 4, "percent_covered": 100.0, "percent_covered_display": "100", "missing_lines": 0, "excluded_lines": 0}, "missing_lines": [], "excluded_lines": []}, "PriceScrapingService.lookup_card_name_from_ygo_api": {"executed_lines": [565, 567, 568, 570, 571, 574, 575, 576, 577, 579, 580, 582, 583, 584], "summary": {"covered_lines": 14, "num_statements": 14, "percent_covered": 100.0, "percent_covered_display": "100", "missing_lines": 0, "excluded_lines": 0}, "missing_lines": [], "excluded_lines": []}, "PriceScrapingService.lookup_card_name": {"executed_lines": [598, 599, 600, 603], "summary": {"covered_lines": 4, "num_statements": 4, "percent_covered": 100.0, "percent_covered_display": "100", "missing_lines": 0, "excluded_lines": 0}, "missing_lines": [], "excluded_lines": []}, "PriceScrapingService.get_cache_stats": {"executed_lines": [613, 614, 617, 618, 619, 628, 631, 632, 635, 638, 640, 648, 649, 650], "summary": {"covered_lines": 14, "num_statements": 14, "percent_covered": 100.0, "percent_covered_display": "100", "missing_lines": 0, "excluded_lines": 0}, "missing_lines": [], "excluded_lines": []}, "PriceScrapingService.scrape_price_from_tcgplayer_basic": {"executed_lines": [671, 672, 675, 676, 678, 679, 680, 683, 686, 689, 691, 694, 695, 714, 715, 716, 718, 721, 722, 723, 724, 726, 728, 732, 733, 734, 736, 738, 771, 772, 773, 776, 777, 778, 780, 781, 782, 783, 793, 795, 797, 801, 802, 803, 805, 806, 807, 817, 820, 822, 824], "summary": {"covered_lines": 51, "num_statements": 57, "percent_covered": 89.47368421052632, "percent_covered_display": "89", "missing_lines": 6, "excluded_lines": 0}, "missing_lines": [700, 702, 708, 832, 833, 834], "excluded_lines": []}, "PriceScrapingService.scrape_card_price": {"executed_lines": [870, 871, 874, 875, 878, 882, 883, 885, 886, 887, 888, 905, 906, 908, 909, 912, 913, 914, 915, 916, 917, 918, 927, 928, 929, 930, 942, 943, 945, 950, 951, 952, 958, 960, 962, 973, 974, 975], "summary": {"covered_lines": 38, "num_statements": 45, "percent_covered": 84.44444444444444, "percent_covered_display": "84", "missing_lines": 7, "excluded_lines": 0}, "missing_lines": [900, 901, 938, 939, 985, 986, 987], "excluded_lines": []}, "PriceScrapingService._find_cached_price_data_with_staleness_info": {"executed_lines": [1013, 1014, 1016, 1017, 1018, 1021, 1022, 1024, 1028, 1034, 1035, 1042, 1044, 1045, 1046, 1049, 1052, 1053, 1055, 1056, 1057, 1060, 1062, 1064, 1070, 1071, 1072], "summary": {"covered_lines": 27, "num_statements": 27, "percent_covered": 100.0, "percent_covered_display": "100", "missing_lines": 0, "excluded_lines": 0}, "missing_lines": [], "excluded_lines": []}, "PriceScrapingService.select_best_tcgplayer_variant": {"executed_lines": [1085, 1086, 1088, 1089, 1090, 1091, 1092, 1093, 1094, 1097, 1165, 1166, 1167, 1170, 1172, 1173, 1174, 1175, 1177, 1180, 1181, 1182, 1183, 1184, 1192, 1193, 1194, 1195, 1196, 1197, 1198, 1200, 1201, 1204, 1205, 1206, 1207, 1208, 1213, 1214, 1215, 1218, 1219, 1220, 1222, 1223, 1225, 1226, 1228, 1230, 1231, 1238, 1243, 1244, 1246, 1249, 1251, 1252, 1255, 1257, 1258, 1259, 1260, 1261, 1262, 1264, 1265, 1266, 1270, 1271, 1272], "summary": {"covered_lines": 71, "num_statements": 83, "percent_covered": 85.5421686746988, "percent_covered_display": "86", "missing_lines": 12, "excluded_lines": 0}, "missing_lines": [1185, 1186, 1187, 1188, 1189, 1209, 1210, 1234, 1235, 1239, 1240, 1268], "excluded_lines": []}, "PriceScrapingService.extract_prices_from_tcgplayer_dom": {"executed_lines": [1277, 1278, 1383, 1385, 1386, 1387], "summary": {"covered_lines": 6, "num_statements": 6, "percent_covered": 100.0, "percent_covered_display": "100", "missing_lines": 0, "excluded_lines": 0}, "missing_lines": [], "excluded_lines": []}, "": {"executed_lines": [1, 8, 9, 10, 11, 12, 13, 14, 15, 17, 31, 32, 33, 46, 48, 50, 51, 53, 63, 69, 101, 152, 188, 227, 228, 306, 307, 414, 441, 442, 502, 503, 538, 539, 554, 555, 586, 587, 605, 606, 652, 653, 843, 844, 996, 1074, 1075, 1274, 1275, 1390], "summary": {"covered_lines": 48, "num_statements": 48, "percent_covered": 100.0, "percent_covered_display": "100", "missing_lines": 0, "excluded_lines": 0}, "missing_lines": [], "excluded_lines": []}}, "classes": {"PriceScrapingService": {"executed_lines": [54, 55, 56, 57, 58, 59, 61, 65, 66, 67, 71, 72, 73, 74, 75, 76, 78, 80, 81, 82, 83, 84, 86, 89, 90, 92, 98, 99, 103, 104, 105, 108, 109, 110, 113, 114, 116, 117, 120, 129, 131, 134, 135, 136, 141, 145, 147, 148, 149, 150, 162, 163, 165, 168, 169, 170, 173, 181, 182, 183, 186, 198, 199, 201, 202, 205, 206, 207, 208, 209, 210, 211, 214, 217, 221, 222, 223, 225, 248, 249, 251, 252, 253, 256, 257, 259, 263, 269, 271, 278, 280, 281, 282, 285, 288, 289, 291, 295, 296, 297, 299, 300, 321, 322, 325, 326, 327, 330, 331, 332, 333, 336, 337, 338, 340, 341, 342, 344, 345, 346, 347, 348, 349, 350, 351, 352, 353, 354, 356, 357, 358, 362, 363, 365, 366, 369, 372, 373, 374, 375, 376, 378, 383, 386, 387, 390, 391, 392, 395, 396, 397, 401, 402, 403, 406, 408, 409, 411, 412, 426, 427, 430, 432, 435, 437, 439, 453, 454, 457, 458, 459, 462, 478, 485, 491, 492, 493, 495, 496, 498, 499, 500, 513, 514, 517, 522, 523, 525, 526, 529, 530, 532, 549, 550, 551, 552, 565, 567, 568, 570, 571, 574, 575, 576, 577, 579, 580, 582, 583, 584, 598, 599, 600, 603, 613, 614, 617, 618, 619, 628, 631, 632, 635, 638, 640, 648, 649, 650, 671, 672, 675, 676, 678, 679, 680, 683, 686, 689, 691, 694, 695, 714, 715, 716, 718, 721, 722, 723, 724, 726, 728, 732, 733, 734, 736, 738, 771, 772, 773, 776, 777, 778, 780, 781, 782, 783, 793, 795, 797, 801, 802, 803, 805, 806, 807, 817, 820, 822, 824, 870, 871, 874, 875, 878, 882, 883, 885, 886, 887, 888, 905, 906, 908, 909, 912, 913, 914, 915, 916, 917, 918, 927, 928, 929, 930, 942, 943, 945, 950, 951, 952, 958, 960, 962, 973, 974, 975, 1013, 1014, 1016, 1017, 1018, 1021, 1022, 1024, 1028, 1034, 1035, 1042, 1044, 1045, 1046, 1049, 1052, 1053, 1055, 1056, 1057, 1060, 1062, 1064, 1070, 1071, 1072, 1085, 1086, 1088, 1089, 1090, 1091, 1092, 1093, 1094, 1097, 1165, 1166, 1167, 1170, 1172, 1173, 1174, 1175, 1177, 1180, 1181, 1182, 1183, 1184, 1192, 1193, 1194, 1195, 1196, 1197, 1198, 1200, 1201, 1204, 1205, 1206, 1207, 1208, 1213, 1214, 1215, 1218, 1219, 1220, 1222, 1223, 1225, 1226, 1228, 1230, 1231, 1238, 1243, 1244, 1246, 1249, 1251, 1252, 1255, 1257, 1258, 1259, 1260, 1261, 1262, 1264, 1265, 1266, 1270, 1271, 1272, 1277, 1278, 1383, 1385, 1386, 1387], "summary": {"covered_lines": 421, "num_statements": 462, "percent_covered": 91.12554112554112, "percent_covered_display": "91", "missing_lines": 41, "excluded_lines": 0}, "missing_lines": [94, 95, 142, 143, 292, 293, 302, 303, 304, 379, 380, 518, 519, 534, 535, 536, 700, 702, 708, 832, 833, 834, 900, 901, 938, 939, 985, 986, 987, 1185, 1186, 1187, 1188, 1189, 1209, 1210, 1234, 1235, 1239, 1240, 1268], "excluded_lines": []}, "": {"executed_lines": [1, 8, 9, 10, 11, 12, 13, 14, 15, 17, 31, 32, 33, 46, 48, 50, 51, 53, 63, 69, 101, 152, 188, 227, 228, 306, 307, 414, 441, 442, 502, 503, 538, 539, 554, 555, 586, 587, 605, 606, 652, 653, 843, 844, 996, 1074, 1075, 1274, 1275, 1390], "summary": {"covered_lines": 48, "num_statements": 48, "percent_covered": 100.0, "percent_covered_display": "100", "missing_lines": 0, "excluded_lines": 0}, "missing_lines": [], "excluded_lines": []}}}, "ygoapi/routes.py": {"executed_lines": [1, 8, 9, 10, 11, 12, 13, 14, 16, 17, 18, 19, 20, 22, 24, 32, 33, 34, 36, 42, 43, 44, 46, 47, 49, 50, 55, 56, 59, 60, 65, 68, 69, 72, 74, 77, 80, 81, 87, 94, 95, 100, 103, 104, 105, 109, 110, 113, 123, 137, 138, 139, 140, 142, 145, 146, 149, 150, 151, 153, 154, 155, 156, 158, 159, 160, 161, 167, 175, 176, 179, 180, 181, 182, 183, 185, 187, 188, 189, 194, 195, 196, 198, 199, 200, 204, 205, 206, 211, 212, 213, 215, 216, 218, 219, 224, 225, 226, 227, 230, 233, 238, 239, 241, 242, 244, 245, 246, 255, 270, 271, 272, 277, 278, 279, 281, 282, 283, 287, 288, 289, 294, 295, 296, 298, 299, 300, 305, 306, 307, 312, 313, 314, 316, 317, 318, 323, 324, 325, 330, 331, 332, 334, 335, 336, 348, 349, 350, 352, 353, 354, 365, 366, 367, 369, 371, 372, 375, 376, 377, 380, 383, 384, 385, 387, 388, 389, 391, 394, 395, 396, 398, 401, 402, 404, 406, 408, 419, 422, 424, 425, 433, 441, 442, 443, 451, 452, 453, 455, 458, 475, 476, 477, 479, 480, 481, 486, 487, 488, 493, 494, 495, 497, 498, 499, 504, 505, 506, 511, 512, 513, 515, 516, 517, 521, 522, 523, 528, 529, 530, 532, 533, 534, 535, 540, 541, 542, 547, 548, 549, 551, 552, 553, 555, 556, 557, 558, 563, 575, 577, 578, 579, 587, 588, 589, 590, 596, 599, 600, 606, 607, 608, 609, 611, 614, 616, 618, 621, 622, 623, 624, 626, 637, 642, 643, 654, 655, 656, 731, 732, 733, 741, 742, 743, 746, 747, 748, 751, 753, 755, 756, 757, 767, 782, 783, 785, 790, 791], "summary": {"covered_lines": 287, "num_statements": 337, "percent_covered": 85.16320474777449, "percent_covered_display": "85", "missing_lines": 50, "excluded_lines": 0}, "missing_lines": [70, 162, 163, 164, 341, 342, 343, 358, 359, 360, 420, 468, 469, 470, 568, 569, 647, 648, 649, 664, 665, 666, 667, 673, 676, 677, 683, 684, 685, 686, 688, 691, 693, 695, 698, 699, 700, 701, 703, 714, 719, 720, 724, 725, 726, 749, 775, 776, 777, 793], "excluded_lines": [], "functions": {"register_routes": {"executed_lines": [32, 33, 34, 42, 43, 44, 194, 195, 196, 211, 212, 213, 277, 278, 279, 294, 295, 296, 312, 313, 314, 330, 331, 332, 348, 349, 350, 365, 366, 367, 451, 452, 453, 475, 476, 477, 493, 494, 495, 511, 512, 513, 528, 529, 530, 547, 548, 549, 575, 577, 578, 579, 654, 655, 656, 731, 732, 733, 782, 783, 790, 791], "summary": {"covered_lines": 62, "num_statements": 62, "percent_covered": 100.0, "percent_covered_display": "100", "missing_lines": 0, "excluded_lines": 0}, "missing_lines": [], "excluded_lines": []}, "register_routes.health_check": {"executed_lines": [36], "summary": {"covered_lines": 1, "num_statements": 1, "percent_covered": 100.0, "percent_covered_display": "100", "missing_lines": 0, "excluded_lines": 0}, "missing_lines": [], "excluded_lines": []}, "register_routes.scrape_card_price": {"executed_lines": [46, 47, 49, 50, 55, 56, 59, 60, 65, 68, 69, 72, 74, 77, 80, 81, 87, 94, 95, 100, 103, 104, 105, 109, 110, 113, 123, 137, 138, 139, 140, 142, 145, 146, 149, 150, 151, 153, 154, 155, 156, 158, 159, 160, 161, 167, 175, 176, 179, 180, 181, 182, 183, 185, 187, 188, 189], "summary": {"covered_lines": 57, "num_statements": 61, "percent_covered": 93.44262295081967, "percent_covered_display": "93", "missing_lines": 4, "excluded_lines": 0}, "missing_lines": [70, 162, 163, 164], "excluded_lines": []}, "register_routes.get_price_cache_stats": {"executed_lines": [198, 199, 200, 204, 205, 206], "summary": {"covered_lines": 6, "num_statements": 6, "percent_covered": 100.0, "percent_covered_display": "100", "missing_lines": 0, "excluded_lines": 0}, "missing_lines": [], "excluded_lines": []}, "register_routes.debug_cache_lookup": {"executed_lines": [215, 216, 218, 219, 224, 225, 226, 227, 230, 233, 238, 239, 241, 242, 244, 245, 246, 255, 270, 271, 272], "summary": {"covered_lines": 21, "num_statements": 21, "percent_covered": 100.0, "percent_covered_display": "100", "missing_lines": 0, "excluded_lines": 0}, "missing_lines": [], "excluded_lines": []}, "register_routes.get_all_card_sets": {"executed_lines": [281, 282, 283, 287, 288, 289], "summary": {"covered_lines": 6, "num_statements": 6, "percent_covered": 100.0, "percent_covered_display": "100", "missing_lines": 0, "excluded_lines": 0}, "missing_lines": [], "excluded_lines": []}, "register_routes.search_card_sets": {"executed_lines": [298, 299, 300, 305, 306, 307], "summary": {"covered_lines": 6, "num_statements": 6, "percent_covered": 100.0, "percent_covered_display": "100", "missing_lines": 0, "excluded_lines": 0}, "missing_lines": [], "excluded_lines": []}, "register_routes.upload_card_sets_to_mongodb": {"executed_lines": [316, 317, 318, 323, 324, 325], "summary": {"covered_lines": 6, "num_statements": 6, "percent_covered": 100.0, "percent_covered_display": "100", "missing_lines": 0, "excluded_lines": 0}, "missing_lines": [], "excluded_lines": []}, "register_routes.get_card_sets_from_cache": {"executed_lines": [334, 335, 336], "summary": {"covered_lines": 3, "num_statements": 6, "percent_covered": 50.0, "percent_covered_display": "50", "missing_lines": 3, "excluded_lines": 0}, "missing_lines": [341, 342, 343], "excluded_lines": []}, "register_routes.get_card_sets_count": {"executed_lines": [352, 353, 354], "summary": {"covered_lines": 3, "num_statements": 6, "percent_covered": 50.0, "percent_covered_display": "50", "missing_lines": 3, "excluded_lines": 0}, "missing_lines": [358, 359, 360], "excluded_lines": []}, "register_routes.get_cards_from_specific_set": {"executed_lines": [369, 371, 372, 375, 376, 377, 380, 383, 384, 385, 387, 388, 389, 391, 394, 395, 396, 398, 401, 402, 404, 406, 408, 419, 422, 424, 425, 433, 441, 442, 443], "summary": {"covered_lines": 31, "num_statements": 32, "percent_covered": 96.875, "percent_covered_display": "97", "missing_lines": 1, "excluded_lines": 0}, "missing_lines": [420], "excluded_lines": []}, "register_routes.fetch_all_cards_from_sets": {"executed_lines": [455, 458], "summary": {"covered_lines": 2, "num_statements": 5, "percent_covered": 40.0, "percent_covered_display": "40", "missing_lines": 3, "excluded_lines": 0}, "missing_lines": [468, 469, 470], "excluded_lines": []}, "register_routes.upload_card_variants_to_mongodb": {"executed_lines": [479, 480, 481, 486, 487, 488], "summary": {"covered_lines": 6, "num_statements": 6, "percent_covered": 100.0, "percent_covered_display": "100", "missing_lines": 0, "excluded_lines": 0}, "missing_lines": [], "excluded_lines": []}, "register_routes.get_card_variants_from_cache": {"executed_lines": [497, 498, 499, 504, 505, 506], "summary": {"covered_lines": 6, "num_statements": 6, "percent_covered": 100.0, "percent_covered_display": "100", "missing_lines": 0, "excluded_lines": 0}, "missing_lines": [], "excluded_lines": []}, "register_routes.get_memory_statistics": {"executed_lines": [515, 516, 517, 521, 522, 523], "summary": {"covered_lines": 6, "num_statements": 6, "percent_covered": 100.0, "percent_covered_display": "100", "missing_lines": 0, "excluded_lines": 0}, "missing_lines": [], "excluded_lines": []}, "register_routes.force_memory_cleanup_endpoint": {"executed_lines": [532, 533, 534, 535, 540, 541, 542], "summary": {"covered_lines": 7, "num_statements": 7, "percent_covered": 100.0, "percent_covered_display": "100", "missing_lines": 0, "excluded_lines": 0}, "missing_lines": [], "excluded_lines": []}, "register_routes.debug_art_extraction": {"executed_lines": [551, 552, 553, 555, 556, 557, 558, 563], "summary": {"covered_lines": 8, "num_statements": 10, "percent_covered": 80.0, "percent_covered_display": "80", "missing_lines": 2, "excluded_lines": 0}, "missing_lines": [568, 569], "excluded_lines": []}, "register_routes.proxy_card_image_legacy": {"executed_lines": [587, 588, 589, 590, 596, 599, 600, 606, 607, 608, 609, 611, 614, 616, 618, 621, 626, 637, 642, 643], "summary": {"covered_lines": 20, "num_statements": 23, "percent_covered": 86.95652173913044, "percent_covered_display": "87", "missing_lines": 3, "excluded_lines": 0}, "missing_lines": [647, 648, 649], "excluded_lines": []}, "register_routes.proxy_card_image_legacy.generate": {"executed_lines": [622, 623, 624], "summary": {"covered_lines": 3, "num_statements": 3, "percent_covered": 100.0, "percent_covered_display": "100", "missing_lines": 0, "excluded_lines": 0}, "missing_lines": [], "excluded_lines": []}, "register_routes.proxy_card_image_new": {"executed_lines": [], "summary": {"covered_lines": 0, "num_statements": 23, "percent_covered": 0.0, "percent_covered_display": "0", "missing_lines": 23, "excluded_lines": 0}, "missing_lines": [664, 665, 666, 667, 673, 676, 677, 683, 684, 685, 686, 688, 691, 693, 695, 698, 703, 714, 719, 720, 724, 725, 726], "excluded_lines": []}, "register_routes.proxy_card_image_new.generate": {"executed_lines": [], "summary": {"covered_lines": 0, "num_statements": 3, "percent_covered": 0.0, "percent_covered_display": "0", "missing_lines": 3, "excluded_lines": 0}, "missing_lines": [699, 700, 701], "excluded_lines": []}, "register_routes.get_card_image_by_id": {"executed_lines": [741, 742, 743, 746, 747, 748, 751, 753, 755, 756, 757, 767], "summary": {"covered_lines": 12, "num_statements": 16, "percent_covered": 75.0, "percent_covered_display": "75", "missing_lines": 4, "excluded_lines": 0}, "missing_lines": [749, 775, 776, 777], "excluded_lines": []}, "register_routes.not_found": {"executed_lines": [785], "summary": {"covered_lines": 1, "num_statements": 1, "percent_covered": 100.0, "percent_covered_display": "100", "missing_lines": 0, "excluded_lines": 0}, "missing_lines": [], "excluded_lines": []}, "register_routes.internal_error": {"executed_lines": [], "summary": {"covered_lines": 0, "num_statements": 1, "percent_covered": 0.0, "percent_covered_display": "0", "missing_lines": 1, "excluded_lines": 0}, "missing_lines": [793], "excluded_lines": []}, "": {"executed_lines": [1, 8, 9, 10, 11, 12, 13, 14, 16, 17, 18, 19, 20, 22, 24], "summary": {"covered_lines": 14, "num_statements": 14, "percent_covered": 100.0, "percent_covered_display": "100", "missing_lines": 0, "excluded_lines": 0}, "missing_lines": [], "excluded_lines": []}}, "classes": {"": {"executed_lines": [1, 8, 9, 10, 11, 12, 13, 14, 16, 17, 18, 19, 20, 22, 24, 32, 33, 34, 36, 42, 43, 44, 46, 47, 49, 50, 55, 56, 59, 60, 65, 68, 69, 72, 74, 77, 80, 81, 87, 94, 95, 100, 103, 104, 105, 109, 110, 113, 123, 137, 138, 139, 140, 142, 145, 146, 149, 150, 151, 153, 154, 155, 156, 158, 159, 160, 161, 167, 175, 176, 179, 180, 181, 182, 183, 185, 187, 188, 189, 194, 195, 196, 198, 199, 200, 204, 205, 206, 211, 212, 213, 215, 216, 218, 219, 224, 225, 226, 227, 230, 233, 238, 239, 241, 242, 244, 245, 246, 255, 270, 271, 272, 277, 278, 279, 281, 282, 283, 287, 288, 289, 294, 295, 296, 298, 299, 300, 305, 306, 307, 312, 313, 314, 316, 317, 318, 323, 324, 325, 330, 331, 332, 334, 335, 336, 348, 349, 350, 352, 353, 354, 365, 366, 367, 369, 371, 372, 375, 376, 377, 380, 383, 384, 385, 387, 388, 389, 391, 394, 395, 396, 398, 401, 402, 404, 406, 408, 419, 422, 424, 425, 433, 441, 442, 443, 451, 452, 453, 455, 458, 475, 476, 477, 479, 480, 481, 486, 487, 488, 493, 494, 495, 497, 498, 499, 504, 505, 506, 511, 512, 513, 515, 516, 517, 521, 522, 523, 528, 529, 530, 532, 533, 534, 535, 540, 541, 542, 547, 548, 549, 551, 552, 553, 555, 556, 557, 558, 563, 575, 577, 578, 579, 587, 588, 589, 590, 596, 599, 600, 606, 607, 608, 609, 611, 614, 616, 618, 621, 622, 623, 624, 626, 637, 642, 643, 654, 655, 656, 731, 732, 733, 741, 742, 743, 746, 747, 748, 751, 753, 755, 756, 757, 767, 782, 783, 785, 790, 791], "summary": {"covered_lines": 287, "num_statements": 337, "percent_covered": 85.16320474777449, "percent_covered_display": "85", "missing_lines": 50, "excluded_lines": 0}, "missing_lines": [70, 162, 163, 164, 341, 342, 343, 358, 359, 360, 420, 468, 469, 470, 568, 569, 647, 648, 649, 664, 665, 666, 667, 673, 676, 677, 683, 684, 685, 686, 688, 691, 693, 695, 698, 699, 700, 701, 703, 714, 719, 720, 724, 725, 726, 749, 775, 776, 777, 793], "excluded_lines": []}}}, "ygoapi/utils.py": {"executed_lines": [1, 8, 9, 10, 11, 12, 14, 16, 17, 27, 28, 31, 43, 44, 45, 46, 47, 48, 51, 62, 63, 64, 65, 66, 67, 69, 71, 72, 82, 83, 86, 89, 139, 140, 141, 142, 145, 146, 147, 154, 155, 156, 160, 161, 163, 165, 166, 169, 170, 173, 174, 177, 178, 179, 180, 183, 184, 185, 191, 192, 193, 197, 198, 201, 202, 205, 206, 209, 210, 213, 214, 217, 218, 221, 222, 224, 226, 227, 237, 241, 242, 245, 246, 247, 262, 270, 287, 294, 302, 315, 322, 339, 352, 366, 373, 380, 387, 394, 401, 408, 421, 427, 433, 439, 440, 441, 443, 445, 447, 450, 452, 453, 463, 464, 467, 470, 471, 472, 474, 476, 477, 487, 489, 492, 493, 494, 495, 498, 499, 500, 501, 502, 503, 504, 507, 508, 509, 510, 511, 513, 515, 516, 517, 519, 520, 531, 532, 534, 535, 545, 546, 550, 558, 560, 561, 572, 573, 574, 576, 577, 591, 592, 593, 596, 597, 598, 600, 602, 603, 614, 615, 618, 619, 622, 623, 625, 627, 628, 638, 639, 642, 643, 645, 647, 648, 659, 663, 666, 685, 704, 715, 729, 731, 732, 733, 734, 737, 738, 739, 743, 745, 746, 760, 761, 762, 765, 769, 773, 774, 778, 782, 786, 787, 791, 795, 796, 800, 803, 805, 806, 816, 817, 819, 821, 822, 823, 824, 825, 827, 829, 830, 832, 834, 835, 837, 840, 842, 843, 847, 848, 849, 850, 853, 854, 855, 856, 858, 861, 863, 866, 870, 905, 906, 907, 912, 914, 915, 917, 922, 923, 924, 926, 928, 929, 930, 933, 934, 935, 942, 944, 945, 948, 950, 953, 954, 957, 959, 961, 968, 971, 976, 977, 978, 981, 988, 990, 992, 999, 1002, 1013, 1014, 1016, 1017, 1019, 1021, 1024, 1025, 1027, 1028, 1031, 1032, 1035, 1036, 1039, 1041, 1044, 1045, 1048, 1049, 1051, 1053], "summary": {"covered_lines": 310, "num_statements": 384, "percent_covered": 80.72916666666667, "percent_covered_display": "81", "missing_lines": 74, "excluded_lines": 0}, "missing_lines": [148, 149, 150, 151, 157, 162, 164, 186, 187, 188, 194, 238, 254, 255, 263, 271, 272, 276, 277, 281, 282, 288, 295, 303, 304, 309, 316, 323, 324, 328, 329, 333, 340, 341, 346, 353, 354, 360, 367, 374, 381, 388, 395, 402, 409, 410, 414, 415, 422, 428, 434, 442, 444, 446, 448, 660, 740, 741, 766, 770, 775, 779, 783, 788, 792, 797, 801, 864, 909, 936, 938, 939, 940, 951], "excluded_lines": [], "functions": {"extract_art_version": {"executed_lines": [27, 28, 31, 43, 44, 45, 46, 47, 48, 51, 62, 63, 64, 65, 66, 67, 69], "summary": {"covered_lines": 17, "num_statements": 17, "percent_covered": 100.0, "percent_covered_display": "100", "missing_lines": 0, "excluded_lines": 0}, "missing_lines": [], "excluded_lines": []}, "normalize_rarity": {"executed_lines": [82, 83, 86, 89, 139, 140, 141, 142, 145, 146, 147, 154, 155, 156, 160, 161, 163, 165, 166, 169, 170, 173, 174, 177, 178, 179, 180, 183, 184, 185, 191, 192, 193, 197, 198, 201, 202, 205, 206, 209, 210, 213, 214, 217, 218, 221, 222, 224], "summary": {"covered_lines": 48, "num_statements": 59, "percent_covered": 81.35593220338983, "percent_covered_display": "81", "missing_lines": 11, "excluded_lines": 0}, "missing_lines": [148, 149, 150, 151, 157, 162, 164, 186, 187, 188, 194], "excluded_lines": []}, "normalize_rarity_for_matching": {"executed_lines": [237, 241, 242, 245, 246, 247, 262, 270, 287, 294, 302, 315, 322, 339, 352, 366, 373, 380, 387, 394, 401, 408, 421, 427, 433, 439, 440, 441, 443, 445, 447, 450], "summary": {"covered_lines": 32, "num_statements": 76, "percent_covered": 42.10526315789474, "percent_covered_display": "42", "missing_lines": 44, "excluded_lines": 0}, "missing_lines": [238, 254, 255, 263, 271, 272, 276, 277, 281, 282, 288, 295, 303, 304, 309, 316, 323, 324, 328, 329, 333, 340, 341, 346, 353, 354, 360, 367, 374, 381, 388, 395, 402, 409, 410, 414, 415, 422, 428, 434, 442, 444, 446, 448], "excluded_lines": []}, "normalize_art_variant": {"executed_lines": [463, 464, 467, 470, 471, 472, 474], "summary": {"covered_lines": 7, "num_statements": 7, "percent_covered": 100.0, "percent_covered_display": "100", "missing_lines": 0, "excluded_lines": 0}, "missing_lines": [], "excluded_lines": []}, "clean_card_data": {"executed_lines": [487, 489, 492, 493, 494, 495, 498, 499, 500, 501, 502, 503, 504, 507, 508, 509, 510, 511, 513, 515, 516, 517], "summary": {"covered_lines": 22, "num_statements": 22, "percent_covered": 100.0, "percent_covered_display": "100", "missing_lines": 0, "excluded_lines": 0}, "missing_lines": [], "excluded_lines": []}, "batch_process_generator": {"executed_lines": [531, 532], "summary": {"covered_lines": 2, "num_statements": 2, "percent_covered": 100.0, "percent_covered_display": "100", "missing_lines": 0, "excluded_lines": 0}, "missing_lines": [], "excluded_lines": []}, "validate_card_number": {"executed_lines": [545, 546, 550, 558], "summary": {"covered_lines": 4, "num_statements": 4, "percent_covered": 100.0, "percent_covered_display": "100", "missing_lines": 0, "excluded_lines": 0}, "missing_lines": [], "excluded_lines": []}, "calculate_success_rate": {"executed_lines": [572, 573, 574], "summary": {"covered_lines": 3, "num_statements": 3, "percent_covered": 100.0, "percent_covered_display": "100", "missing_lines": 0, "excluded_lines": 0}, "missing_lines": [], "excluded_lines": []}, "generate_variant_id": {"executed_lines": [591, 592, 593, 596, 597, 598, 600], "summary": {"covered_lines": 7, "num_statements": 7, "percent_covered": 100.0, "percent_covered_display": "100", "missing_lines": 0, "excluded_lines": 0}, "missing_lines": [], "excluded_lines": []}, "is_cache_fresh": {"executed_lines": [614, 615, 618, 619, 622, 623, 625], "summary": {"covered_lines": 7, "num_statements": 7, "percent_covered": 100.0, "percent_covered_display": "100", "missing_lines": 0, "excluded_lines": 0}, "missing_lines": [], "excluded_lines": []}, "sanitize_string": {"executed_lines": [638, 639, 642, 643, 645], "summary": {"covered_lines": 5, "num_statements": 5, "percent_covered": 100.0, "percent_covered_display": "100", "missing_lines": 0, "excluded_lines": 0}, "missing_lines": [], "excluded_lines": []}, "validate_input_security": {"executed_lines": [659, 663, 666, 685, 704, 715, 729, 731, 732, 733, 734, 737, 738, 739, 743], "summary": {"covered_lines": 15, "num_statements": 18, "percent_covered": 83.33333333333333, "percent_covered_display": "83", "missing_lines": 3, "excluded_lines": 0}, "missing_lines": [660, 740, 741], "excluded_lines": []}, "validate_card_input": {"executed_lines": [760, 761, 762, 765, 769, 773, 774, 778, 782, 786, 787, 791, 795, 796, 800, 803], "summary": {"covered_lines": 16, "num_statements": 25, "percent_covered": 64.0, "percent_covered_display": "64", "missing_lines": 9, "excluded_lines": 0}, "missing_lines": [766, 770, 775, 779, 783, 788, 792, 797, 801], "excluded_lines": []}, "parse_price_string": {"executed_lines": [816, 817, 819, 821, 822, 823, 824, 825, 827], "summary": {"covered_lines": 9, "num_statements": 9, "percent_covered": 100.0, "percent_covered_display": "100", "missing_lines": 0, "excluded_lines": 0}, "missing_lines": [], "excluded_lines": []}, "get_current_utc_datetime": {"executed_lines": [832], "summary": {"covered_lines": 1, "num_statements": 1, "percent_covered": 100.0, "percent_covered_display": "100", "missing_lines": 0, "excluded_lines": 0}, "missing_lines": [], "excluded_lines": []}, "format_datetime_for_api": {"executed_lines": [837], "summary": {"covered_lines": 1, "num_statements": 1, "percent_covered": 100.0, "percent_covered_display": "100", "missing_lines": 0, "excluded_lines": 0}, "missing_lines": [], "excluded_lines": []}, "extract_set_code": {"executed_lines": [842, 843, 847, 848, 849, 850, 853, 854, 855, 856, 858], "summary": {"covered_lines": 11, "num_statements": 11, "percent_covered": 100.0, "percent_covered_display": "100", "missing_lines": 0, "excluded_lines": 0}, "missing_lines": [], "excluded_lines": []}, "map_rarity_to_tcgplayer_filter": {"executed_lines": [863, 866, 870, 905, 906, 907], "summary": {"covered_lines": 6, "num_statements": 8, "percent_covered": 75.0, "percent_covered_display": "75", "missing_lines": 2, "excluded_lines": 0}, "missing_lines": [864, 909], "excluded_lines": []}, "extract_booster_set_name": {"executed_lines": [914, 915, 917, 922, 923, 924, 926, 928, 929, 930, 933, 934, 935, 942, 944, 945], "summary": {"covered_lines": 16, "num_statements": 20, "percent_covered": 80.0, "percent_covered_display": "80", "missing_lines": 4, "excluded_lines": 0}, "missing_lines": [936, 938, 939, 940], "excluded_lines": []}, "map_set_code_to_tcgplayer_name": {"executed_lines": [950, 953, 954, 957, 959, 961, 968, 971, 976, 977, 978, 981, 988, 990, 992, 999], "summary": {"covered_lines": 16, "num_statements": 17, "percent_covered": 94.11764705882354, "percent_covered_display": "94", "missing_lines": 1, "excluded_lines": 0}, "missing_lines": [951], "excluded_lines": []}, "filter_cards_by_set": {"executed_lines": [1013, 1014, 1016, 1017, 1019, 1021, 1024, 1025, 1027, 1028, 1031, 1032, 1035, 1036, 1039, 1041, 1044, 1045, 1048, 1049, 1051, 1053], "summary": {"covered_lines": 22, "num_statements": 22, "percent_covered": 100.0, "percent_covered_display": "100", "missing_lines": 0, "excluded_lines": 0}, "missing_lines": [], "excluded_lines": []}, "": {"executed_lines": [1, 8, 9, 10, 11, 12, 14, 16, 17, 71, 72, 226, 227, 452, 453, 476, 477, 519, 520, 534, 535, 560, 561, 576, 577, 602, 603, 627, 628, 647, 648, 745, 746, 805, 806, 829, 830, 834, 835, 840, 861, 912, 948, 1002], "summary": {"covered_lines": 43, "num_statements": 43, "percent_covered": 100.0, "percent_covered_display": "100", "missing_lines": 0, "excluded_lines": 0}, "missing_lines": [], "excluded_lines": []}}, "classes": {"": {"executed_lines": [1, 8, 9, 10, 11, 12, 14, 16, 17, 27, 28, 31, 43, 44, 45, 46, 47, 48, 51, 62, 63, 64, 65, 66, 67, 69, 71, 72, 82, 83, 86, 89, 139, 140, 141, 142, 145, 146, 147, 154, 155, 156, 160, 161, 163, 165, 166, 169, 170, 173, 174, 177, 178, 179, 180, 183, 184, 185, 191, 192, 193, 197, 198, 201, 202, 205, 206, 209, 210, 213, 214, 217, 218, 221, 222, 224, 226, 227, 237, 241, 242, 245, 246, 247, 262, 270, 287, 294, 302, 315, 322, 339, 352, 366, 373, 380, 387, 394, 401, 408, 421, 427, 433, 439, 440, 441, 443, 445, 447, 450, 452, 453, 463, 464, 467, 470, 471, 472, 474, 476, 477, 487, 489, 492, 493, 494, 495, 498, 499, 500, 501, 502, 503, 504, 507, 508, 509, 510, 511, 513, 515, 516, 517, 519, 520, 531, 532, 534, 535, 545, 546, 550, 558, 560, 561, 572, 573, 574, 576, 577, 591, 592, 593, 596, 597, 598, 600, 602, 603, 614, 615, 618, 619, 622, 623, 625, 627, 628, 638, 639, 642, 643, 645, 647, 648, 659, 663, 666, 685, 704, 715, 729, 731, 732, 733, 734, 737, 738, 739, 743, 745, 746, 760, 761, 762, 765, 769, 773, 774, 778, 782, 786, 787, 791, 795, 796, 800, 803, 805, 806, 816, 817, 819, 821, 822, 823, 824, 825, 827, 829, 830, 832, 834, 835, 837, 840, 842, 843, 847, 848, 849, 850, 853, 854, 855, 856, 858, 861, 863, 866, 870, 905, 906, 907, 912, 914, 915, 917, 922, 923, 924, 926, 928, 929, 930, 933, 934, 935, 942, 944, 945, 948, 950, 953, 954, 957, 959, 961, 968, 971, 976, 977, 978, 981, 988, 990, 992, 999, 1002, 1013, 1014, 1016, 1017, 1019, 1021, 1024, 1025, 1027, 1028, 1031, 1032, 1035, 1036, 1039, 1041, 1044, 1045, 1048, 1049, 1051, 1053], "summary": {"covered_lines": 310, "num_statements": 384, "percent_covered": 80.72916666666667, "percent_covered_display": "81", "missing_lines": 74, "excluded_lines": 0}, "missing_lines": [148, 149, 150, 151, 157, 162, 164, 186, 187, 188, 194, 238, 254, 255, 263, 271, 272, 276, 277, 281, 282, 288, 295, 303, 304, 309, 316, 323, 324, 328, 329, 333, 340, 341, 346, 353, 354, 360, 367, 374, 381, 388, 395, 402, 409, 410, 414, 415, 422, 428, 434, 442, 444, 446, 448, 660, 740, 741, 766, 770, 775, 779, 783, 788, 792, 797, 801, 864, 909, 936, 938, 939, 940, 951], "excluded_lines": []}}}}, "totals": {"covered_lines": 1837, "num_statements": 2177, "percent_covered": 84.38217730822232, "percent_covered_display": "84", "missing_lines": 340, "excluded_lines": 0}}