{"meta": {"format": 3, "version": "7.9.2", "timestamp": "2025-07-26T19:40:05.332354", "branch_coverage": false, "show_contexts": false}, "files": {"ygoapi/__init__.py": {"executed_lines": [1, 9, 10], "summary": {"covered_lines": 2, "num_statements": 2, "percent_covered": 100.0, "percent_covered_display": "100", "missing_lines": 0, "excluded_lines": 0}, "missing_lines": [], "excluded_lines": [], "functions": {"": {"executed_lines": [1, 9, 10], "summary": {"covered_lines": 2, "num_statements": 2, "percent_covered": 100.0, "percent_covered_display": "100", "missing_lines": 0, "excluded_lines": 0}, "missing_lines": [], "excluded_lines": []}}, "classes": {"": {"executed_lines": [1, 9, 10], "summary": {"covered_lines": 2, "num_statements": 2, "percent_covered": 100.0, "percent_covered_display": "100", "missing_lines": 0, "excluded_lines": 0}, "missing_lines": [], "excluded_lines": []}}}, "ygoapi/app.py": {"executed_lines": [1, 8, 9, 11, 12, 14, 21, 22, 23, 26, 34, 35, 38, 41, 61, 62, 66, 67, 70, 71, 74, 75, 76, 77, 81, 82, 84, 87, 88, 91, 92, 93, 95, 98, 104, 105, 106, 108, 109, 110, 111, 112, 113, 114, 115, 116, 117, 118, 119, 120, 121, 122, 123, 124, 126, 128, 131, 133, 134, 135, 147], "summary": {"covered_lines": 60, "num_statements": 61, "percent_covered": 98.36065573770492, "percent_covered_display": "98", "missing_lines": 1, "excluded_lines": 0}, "missing_lines": [148], "excluded_lines": [], "functions": {"create_app": {"executed_lines": [34, 35, 38, 41, 61, 62, 66, 67, 70, 71, 74, 75, 76, 77, 81, 82, 84, 87, 88, 91, 92, 93, 95], "summary": {"covered_lines": 23, "num_statements": 23, "percent_covered": 100.0, "percent_covered_display": "100", "missing_lines": 0, "excluded_lines": 0}, "missing_lines": [], "excluded_lines": []}, "run_app": {"executed_lines": [104, 105, 106, 108, 109, 110, 111, 112, 113, 114, 115, 116, 117, 118, 119, 120, 121, 122, 123, 124, 126, 128, 131, 133, 134, 135], "summary": {"covered_lines": 26, "num_statements": 26, "percent_covered": 100.0, "percent_covered_display": "100", "missing_lines": 0, "excluded_lines": 0}, "missing_lines": [], "excluded_lines": []}, "": {"executed_lines": [1, 8, 9, 11, 12, 14, 21, 22, 23, 26, 98, 147], "summary": {"covered_lines": 11, "num_statements": 12, "percent_covered": 91.66666666666667, "percent_covered_display": "92", "missing_lines": 1, "excluded_lines": 0}, "missing_lines": [148], "excluded_lines": []}}, "classes": {"": {"executed_lines": [1, 8, 9, 11, 12, 14, 21, 22, 23, 26, 34, 35, 38, 41, 61, 62, 66, 67, 70, 71, 74, 75, 76, 77, 81, 82, 84, 87, 88, 91, 92, 93, 95, 98, 104, 105, 106, 108, 109, 110, 111, 112, 113, 114, 115, 116, 117, 118, 119, 120, 121, 122, 123, 124, 126, 128, 131, 133, 134, 135, 147], "summary": {"covered_lines": 60, "num_statements": 61, "percent_covered": 98.36065573770492, "percent_covered_display": "98", "missing_lines": 1, "excluded_lines": 0}, "missing_lines": [148], "excluded_lines": []}}}, "ygoapi/card_services.py": {"executed_lines": [1, 8, 9, 10, 11, 12, 14, 16, 22, 23, 24, 25, 34, 37, 38, 40, 41, 42, 44, 45, 52, 53, 55, 57, 58, 60, 61, 63, 65, 66, 67, 69, 70, 77, 79, 82, 85, 86, 87, 88, 91, 92, 95, 96, 97, 98, 101, 104, 105, 106, 108, 110, 120, 121, 128, 129, 132, 133, 134, 137, 140, 141, 142, 145, 148, 149, 155, 156, 163, 164, 167, 171, 176, 177, 187, 188, 191, 196, 197, 199, 206, 207, 209, 210, 211, 213, 214, 224, 226, 229, 230, 231, 233, 234, 235, 237, 240, 242, 243, 245, 247, 248, 250, 252, 253, 254, 256, 257, 269, 271, 272, 273, 274, 277, 278, 279, 280, 281, 282, 285, 288, 291, 322, 324, 325, 332, 334, 335, 337, 340, 343, 346, 349, 350, 353, 354, 357, 358, 359, 361, 362, 365, 368, 369, 372, 373, 374, 378, 379, 381, 384, 387, 388, 399, 400, 401, 402, 403, 404, 411, 414, 415, 416, 417, 418, 419, 420, 421, 422, 423, 428, 429, 433, 435, 445, 446, 453, 454, 457, 460, 461, 462, 465, 468, 469, 476, 477, 479, 480, 482, 483, 493, 494, 497, 498, 500, 501, 504, 505, 507, 509, 510, 511, 513, 514, 524, 526, 527, 529, 530, 533, 534, 535, 538, 540, 541, 543, 544, 545, 549, 550, 551], "summary": {"covered_lines": 218, "num_statements": 254, "percent_covered": 85.8267716535433, "percent_covered_display": "86", "missing_lines": 36, "excluded_lines": 0}, "missing_lines": [116, 117, 118, 146, 151, 152, 153, 168, 169, 172, 173, 174, 192, 193, 201, 202, 203, 338, 376, 390, 391, 392, 393, 394, 405, 406, 407, 424, 425, 441, 442, 443, 466, 471, 472, 473], "excluded_lines": [], "functions": {"CardSetService.__init__": {"executed_lines": [41, 42], "summary": {"covered_lines": 2, "num_statements": 2, "percent_covered": 100.0, "percent_covered_display": "100", "missing_lines": 0, "excluded_lines": 0}, "missing_lines": [], "excluded_lines": []}, "CardSetService.fetch_all_card_sets": {"executed_lines": [52, 53, 55, 57, 58, 60, 61, 63, 65, 66, 67], "summary": {"covered_lines": 11, "num_statements": 11, "percent_covered": 100.0, "percent_covered_display": "100", "missing_lines": 0, "excluded_lines": 0}, "missing_lines": [], "excluded_lines": []}, "CardSetService.upload_card_sets_to_cache": {"executed_lines": [77, 79, 82, 85, 86, 87, 88, 91, 92, 95, 96, 97, 98, 101, 104, 105, 106, 108, 110], "summary": {"covered_lines": 19, "num_statements": 22, "percent_covered": 86.36363636363636, "percent_covered_display": "86", "missing_lines": 3, "excluded_lines": 0}, "missing_lines": [116, 117, 118], "excluded_lines": []}, "CardSetService.get_cached_card_sets": {"executed_lines": [128, 129, 132, 133, 134, 137, 140, 141, 142, 145, 148, 149], "summary": {"covered_lines": 12, "num_statements": 16, "percent_covered": 75.0, "percent_covered_display": "75", "missing_lines": 4, "excluded_lines": 0}, "missing_lines": [146, 151, 152, 153], "excluded_lines": []}, "CardSetService.get_card_sets_count": {"executed_lines": [163, 164, 167, 171], "summary": {"covered_lines": 4, "num_statements": 9, "percent_covered": 44.44444444444444, "percent_covered_display": "44", "missing_lines": 5, "excluded_lines": 0}, "missing_lines": [168, 169, 172, 173, 174], "excluded_lines": []}, "CardSetService.search_card_sets": {"executed_lines": [187, 188, 191, 196, 197, 199], "summary": {"covered_lines": 6, "num_statements": 11, "percent_covered": 54.54545454545455, "percent_covered_display": "55", "missing_lines": 5, "excluded_lines": 0}, "missing_lines": [192, 193, 201, 202, 203], "excluded_lines": []}, "CardVariantService.__init__": {"executed_lines": [210, 211], "summary": {"covered_lines": 2, "num_statements": 2, "percent_covered": 100.0, "percent_covered_display": "100", "missing_lines": 0, "excluded_lines": 0}, "missing_lines": [], "excluded_lines": []}, "CardVariantService.fetch_cards_from_set": {"executed_lines": [224, 226, 229, 230, 231, 233, 234, 235, 237, 240, 242, 243, 245, 247, 248, 250, 252, 253, 254], "summary": {"covered_lines": 19, "num_statements": 19, "percent_covered": 100.0, "percent_covered_display": "100", "missing_lines": 0, "excluded_lines": 0}, "missing_lines": [], "excluded_lines": []}, "CardVariantService.create_card_variants": {"executed_lines": [269, 271, 272, 273, 274, 277, 278, 279, 280, 281, 282, 285, 288, 291, 322], "summary": {"covered_lines": 15, "num_statements": 15, "percent_covered": 100.0, "percent_covered_display": "100", "missing_lines": 0, "excluded_lines": 0}, "missing_lines": [], "excluded_lines": []}, "CardVariantService.upload_card_variants_to_cache": {"executed_lines": [332, 334, 335, 337, 340, 343, 346, 349, 350, 353, 354, 357, 358, 359, 361, 362, 365, 368, 369, 372, 373, 374, 378, 379, 381, 384, 387, 388, 399, 400, 401, 402, 403, 404, 411, 414, 415, 416, 417, 418, 419, 420, 421, 422, 423, 428, 429, 433, 435], "summary": {"covered_lines": 49, "num_statements": 64, "percent_covered": 76.5625, "percent_covered_display": "77", "missing_lines": 15, "excluded_lines": 0}, "missing_lines": [338, 376, 390, 391, 392, 393, 394, 405, 406, 407, 424, 425, 441, 442, 443], "excluded_lines": []}, "CardVariantService.get_cached_card_variants": {"executed_lines": [453, 454, 457, 460, 461, 462, 465, 468, 469], "summary": {"covered_lines": 9, "num_statements": 13, "percent_covered": 69.23076923076923, "percent_covered_display": "69", "missing_lines": 4, "excluded_lines": 0}, "missing_lines": [466, 471, 472, 473], "excluded_lines": []}, "CardLookupService.__init__": {"executed_lines": [480], "summary": {"covered_lines": 1, "num_statements": 1, "percent_covered": 100.0, "percent_covered_display": "100", "missing_lines": 0, "excluded_lines": 0}, "missing_lines": [], "excluded_lines": []}, "CardLookupService.lookup_card_info_from_cache": {"executed_lines": [493, 494, 497, 498, 500, 501, 504, 505, 507, 509, 510, 511], "summary": {"covered_lines": 12, "num_statements": 12, "percent_covered": 100.0, "percent_covered_display": "100", "missing_lines": 0, "excluded_lines": 0}, "missing_lines": [], "excluded_lines": []}, "CardLookupService.lookup_card_name_from_ygo_api": {"executed_lines": [524, 526, 527, 529, 530, 533, 534, 535, 538, 540, 541, 543, 544, 545], "summary": {"covered_lines": 14, "num_statements": 14, "percent_covered": 100.0, "percent_covered_display": "100", "missing_lines": 0, "excluded_lines": 0}, "missing_lines": [], "excluded_lines": []}, "": {"executed_lines": [1, 8, 9, 10, 11, 12, 14, 16, 22, 23, 24, 25, 34, 37, 38, 40, 44, 45, 69, 70, 120, 121, 155, 156, 176, 177, 206, 207, 209, 213, 214, 256, 257, 324, 325, 445, 446, 476, 477, 479, 482, 483, 513, 514, 549, 550, 551], "summary": {"covered_lines": 43, "num_statements": 43, "percent_covered": 100.0, "percent_covered_display": "100", "missing_lines": 0, "excluded_lines": 0}, "missing_lines": [], "excluded_lines": []}}, "classes": {"CardSetService": {"executed_lines": [41, 42, 52, 53, 55, 57, 58, 60, 61, 63, 65, 66, 67, 77, 79, 82, 85, 86, 87, 88, 91, 92, 95, 96, 97, 98, 101, 104, 105, 106, 108, 110, 128, 129, 132, 133, 134, 137, 140, 141, 142, 145, 148, 149, 163, 164, 167, 171, 187, 188, 191, 196, 197, 199], "summary": {"covered_lines": 54, "num_statements": 71, "percent_covered": 76.05633802816901, "percent_covered_display": "76", "missing_lines": 17, "excluded_lines": 0}, "missing_lines": [116, 117, 118, 146, 151, 152, 153, 168, 169, 172, 173, 174, 192, 193, 201, 202, 203], "excluded_lines": []}, "CardVariantService": {"executed_lines": [210, 211, 224, 226, 229, 230, 231, 233, 234, 235, 237, 240, 242, 243, 245, 247, 248, 250, 252, 253, 254, 269, 271, 272, 273, 274, 277, 278, 279, 280, 281, 282, 285, 288, 291, 322, 332, 334, 335, 337, 340, 343, 346, 349, 350, 353, 354, 357, 358, 359, 361, 362, 365, 368, 369, 372, 373, 374, 378, 379, 381, 384, 387, 388, 399, 400, 401, 402, 403, 404, 411, 414, 415, 416, 417, 418, 419, 420, 421, 422, 423, 428, 429, 433, 435, 453, 454, 457, 460, 461, 462, 465, 468, 469], "summary": {"covered_lines": 94, "num_statements": 113, "percent_covered": 83.1858407079646, "percent_covered_display": "83", "missing_lines": 19, "excluded_lines": 0}, "missing_lines": [338, 376, 390, 391, 392, 393, 394, 405, 406, 407, 424, 425, 441, 442, 443, 466, 471, 472, 473], "excluded_lines": []}, "CardLookupService": {"executed_lines": [480, 493, 494, 497, 498, 500, 501, 504, 505, 507, 509, 510, 511, 524, 526, 527, 529, 530, 533, 534, 535, 538, 540, 541, 543, 544, 545], "summary": {"covered_lines": 27, "num_statements": 27, "percent_covered": 100.0, "percent_covered_display": "100", "missing_lines": 0, "excluded_lines": 0}, "missing_lines": [], "excluded_lines": []}, "": {"executed_lines": [1, 8, 9, 10, 11, 12, 14, 16, 22, 23, 24, 25, 34, 37, 38, 40, 44, 45, 69, 70, 120, 121, 155, 156, 176, 177, 206, 207, 209, 213, 214, 256, 257, 324, 325, 445, 446, 476, 477, 479, 482, 483, 513, 514, 549, 550, 551], "summary": {"covered_lines": 43, "num_statements": 43, "percent_covered": 100.0, "percent_covered_display": "100", "missing_lines": 0, "excluded_lines": 0}, "missing_lines": [], "excluded_lines": []}}}, "ygoapi/config.py": {"executed_lines": [1, 8, 9, 12, 14, 17, 20, 21, 22, 25, 26, 30, 31, 32, 33, 34, 39, 40, 41, 42, 45, 51, 52, 55, 56, 59, 60, 63, 64, 67, 70, 71, 72, 75, 76, 79, 80, 83, 88, 93, 98, 103, 108, 110, 114, 122, 123], "summary": {"covered_lines": 46, "num_statements": 58, "percent_covered": 79.3103448275862, "percent_covered_display": "79", "missing_lines": 12, "excluded_lines": 0}, "missing_lines": [85, 90, 95, 100, 105, 125, 126, 127, 129, 130, 131, 133], "excluded_lines": [], "functions": {"get_mongodb_connection_string": {"executed_lines": [], "summary": {"covered_lines": 0, "num_statements": 1, "percent_covered": 0.0, "percent_covered_display": "0", "missing_lines": 1, "excluded_lines": 0}, "missing_lines": [85], "excluded_lines": []}, "get_port": {"executed_lines": [], "summary": {"covered_lines": 0, "num_statements": 1, "percent_covered": 0.0, "percent_covered_display": "0", "missing_lines": 1, "excluded_lines": 0}, "missing_lines": [90], "excluded_lines": []}, "get_debug_mode": {"executed_lines": [], "summary": {"covered_lines": 0, "num_statements": 1, "percent_covered": 0.0, "percent_covered_display": "0", "missing_lines": 1, "excluded_lines": 0}, "missing_lines": [95], "excluded_lines": []}, "get_memory_limit_mb": {"executed_lines": [], "summary": {"covered_lines": 0, "num_statements": 1, "percent_covered": 0.0, "percent_covered_display": "0", "missing_lines": 1, "excluded_lines": 0}, "missing_lines": [100], "excluded_lines": []}, "is_production": {"executed_lines": [], "summary": {"covered_lines": 0, "num_statements": 1, "percent_covered": 0.0, "percent_covered_display": "0", "missing_lines": 1, "excluded_lines": 0}, "missing_lines": [105], "excluded_lines": []}, "get_log_level": {"executed_lines": [110], "summary": {"covered_lines": 1, "num_statements": 1, "percent_covered": 100.0, "percent_covered_display": "100", "missing_lines": 0, "excluded_lines": 0}, "missing_lines": [], "excluded_lines": []}, "validate_config": {"executed_lines": [122, 123], "summary": {"covered_lines": 2, "num_statements": 9, "percent_covered": 22.22222222222222, "percent_covered_display": "22", "missing_lines": 7, "excluded_lines": 0}, "missing_lines": [125, 126, 127, 129, 130, 131, 133], "excluded_lines": []}, "": {"executed_lines": [1, 8, 9, 12, 14, 17, 20, 21, 22, 25, 26, 30, 31, 32, 33, 34, 39, 40, 41, 42, 45, 51, 52, 55, 56, 59, 60, 63, 64, 67, 70, 71, 72, 75, 76, 79, 80, 83, 88, 93, 98, 103, 108, 114], "summary": {"covered_lines": 43, "num_statements": 43, "percent_covered": 100.0, "percent_covered_display": "100", "missing_lines": 0, "excluded_lines": 0}, "missing_lines": [], "excluded_lines": []}}, "classes": {"": {"executed_lines": [1, 8, 9, 12, 14, 17, 20, 21, 22, 25, 26, 30, 31, 32, 33, 34, 39, 40, 41, 42, 45, 51, 52, 55, 56, 59, 60, 63, 64, 67, 70, 71, 72, 75, 76, 79, 80, 83, 88, 93, 98, 103, 108, 110, 114, 122, 123], "summary": {"covered_lines": 46, "num_statements": 58, "percent_covered": 79.3103448275862, "percent_covered_display": "79", "missing_lines": 12, "excluded_lines": 0}, "missing_lines": [85, 90, 95, 100, 105, 125, 126, 127, 129, 130, 131, 133], "excluded_lines": []}}}, "ygoapi/database.py": {"executed_lines": [1, 8, 9, 10, 11, 12, 14, 15, 16, 18, 26, 28, 31, 32, 37, 38, 39, 43, 46, 47, 49, 51, 52, 53, 54, 55, 56, 58, 59, 61, 63, 65, 73, 74, 77, 79, 80, 82, 91, 92, 94, 95, 98, 99, 107, 108, 110, 111, 112, 113, 115, 117, 124, 125, 128, 130, 131, 132, 134, 136, 138, 148, 149, 150, 151, 153, 155, 156, 157, 159, 161, 162, 165, 167, 168, 171, 172, 180, 181, 184, 185, 187, 188, 189, 190, 194, 196, 197, 204, 205, 208, 210, 211, 221, 222, 225, 227, 229, 231, 239, 240, 243, 245, 246, 247, 249, 250, 251, 252, 253, 257, 260, 263, 264, 265, 268, 269, 276, 277, 280, 281, 288, 289, 292, 293, 303, 304, 307, 309, 310, 313, 315, 316, 319, 321, 322, 325, 328, 329, 330, 333, 341, 342, 343], "summary": {"covered_lines": 142, "num_statements": 150, "percent_covered": 94.66666666666667, "percent_covered_display": "95", "missing_lines": 8, "excluded_lines": 0}, "missing_lines": [133, 163, 169, 206, 223, 248, 345, 346], "excluded_lines": [], "functions": {"DatabaseManager.__init__": {"executed_lines": [38, 39, 43, 46, 47], "summary": {"covered_lines": 5, "num_statements": 5, "percent_covered": 100.0, "percent_covered_display": "100", "missing_lines": 0, "excluded_lines": 0}, "missing_lines": [], "excluded_lines": []}, "DatabaseManager._cleanup_connections": {"executed_lines": [51, 52, 53, 54, 55, 56, 58, 59], "summary": {"covered_lines": 8, "num_statements": 8, "percent_covered": 100.0, "percent_covered_display": "100", "missing_lines": 0, "excluded_lines": 0}, "missing_lines": [], "excluded_lines": []}, "DatabaseManager._is_database_disabled": {"executed_lines": [63], "summary": {"covered_lines": 1, "num_statements": 1, "percent_covered": 100.0, "percent_covered_display": "100", "missing_lines": 0, "excluded_lines": 0}, "missing_lines": [], "excluded_lines": []}, "DatabaseManager.get_client": {"executed_lines": [73, 74, 77, 79, 80, 82, 91, 92, 94, 95, 98, 99, 107, 108, 110, 111, 112, 113, 115], "summary": {"covered_lines": 19, "num_statements": 19, "percent_covered": 100.0, "percent_covered_display": "100", "missing_lines": 0, "excluded_lines": 0}, "missing_lines": [], "excluded_lines": []}, "DatabaseManager.get_database": {"executed_lines": [124, 125, 128, 130, 131, 132, 134, 136], "summary": {"covered_lines": 8, "num_statements": 9, "percent_covered": 88.88888888888889, "percent_covered_display": "89", "missing_lines": 1, "excluded_lines": 0}, "missing_lines": [133], "excluded_lines": []}, "DatabaseManager.get_collection": {"executed_lines": [148, 149, 150, 151], "summary": {"covered_lines": 4, "num_statements": 4, "percent_covered": 100.0, "percent_covered_display": "100", "missing_lines": 0, "excluded_lines": 0}, "missing_lines": [], "excluded_lines": []}, "DatabaseManager.get_card_sets_collection": {"executed_lines": [155, 156, 157], "summary": {"covered_lines": 3, "num_statements": 3, "percent_covered": 100.0, "percent_covered_display": "100", "missing_lines": 0, "excluded_lines": 0}, "missing_lines": [], "excluded_lines": []}, "DatabaseManager.get_card_variants_collection": {"executed_lines": [161, 162], "summary": {"covered_lines": 2, "num_statements": 3, "percent_covered": 66.66666666666667, "percent_covered_display": "67", "missing_lines": 1, "excluded_lines": 0}, "missing_lines": [163], "excluded_lines": []}, "DatabaseManager.get_price_cache_collection": {"executed_lines": [167, 168], "summary": {"covered_lines": 2, "num_statements": 3, "percent_covered": 66.66666666666667, "percent_covered_display": "67", "missing_lines": 1, "excluded_lines": 0}, "missing_lines": [169], "excluded_lines": []}, "DatabaseManager.get_connection": {"executed_lines": [180, 181, 184, 185, 187, 188, 189, 190, 194], "summary": {"covered_lines": 9, "num_statements": 9, "percent_covered": 100.0, "percent_covered_display": "100", "missing_lines": 0, "excluded_lines": 0}, "missing_lines": [], "excluded_lines": []}, "DatabaseManager.get_database_context": {"executed_lines": [204, 205, 208], "summary": {"covered_lines": 3, "num_statements": 4, "percent_covered": 75.0, "percent_covered_display": "75", "missing_lines": 1, "excluded_lines": 0}, "missing_lines": [206], "excluded_lines": []}, "DatabaseManager.get_collection_context": {"executed_lines": [221, 222, 225], "summary": {"covered_lines": 3, "num_statements": 4, "percent_covered": 75.0, "percent_covered_display": "75", "missing_lines": 1, "excluded_lines": 0}, "missing_lines": [223], "excluded_lines": []}, "DatabaseManager.close": {"executed_lines": [229], "summary": {"covered_lines": 1, "num_statements": 1, "percent_covered": 100.0, "percent_covered_display": "100", "missing_lines": 0, "excluded_lines": 0}, "missing_lines": [], "excluded_lines": []}, "DatabaseManager.test_connection": {"executed_lines": [239, 240, 243, 245, 246, 247, 249, 250, 251, 252, 253], "summary": {"covered_lines": 11, "num_statements": 12, "percent_covered": 91.66666666666667, "percent_covered_display": "92", "missing_lines": 1, "excluded_lines": 0}, "missing_lines": [248], "excluded_lines": []}, "get_database_manager": {"executed_lines": [263, 264, 265], "summary": {"covered_lines": 3, "num_statements": 3, "percent_covered": 100.0, "percent_covered_display": "100", "missing_lines": 0, "excluded_lines": 0}, "missing_lines": [], "excluded_lines": []}, "get_mongo_client": {"executed_lines": [276, 277], "summary": {"covered_lines": 2, "num_statements": 2, "percent_covered": 100.0, "percent_covered_display": "100", "missing_lines": 0, "excluded_lines": 0}, "missing_lines": [], "excluded_lines": []}, "get_database": {"executed_lines": [288, 289], "summary": {"covered_lines": 2, "num_statements": 2, "percent_covered": 100.0, "percent_covered_display": "100", "missing_lines": 0, "excluded_lines": 0}, "missing_lines": [], "excluded_lines": []}, "get_collection": {"executed_lines": [303, 304], "summary": {"covered_lines": 2, "num_statements": 2, "percent_covered": 100.0, "percent_covered_display": "100", "missing_lines": 0, "excluded_lines": 0}, "missing_lines": [], "excluded_lines": []}, "get_card_sets_collection": {"executed_lines": [309, 310], "summary": {"covered_lines": 2, "num_statements": 2, "percent_covered": 100.0, "percent_covered_display": "100", "missing_lines": 0, "excluded_lines": 0}, "missing_lines": [], "excluded_lines": []}, "get_card_variants_collection": {"executed_lines": [315, 316], "summary": {"covered_lines": 2, "num_statements": 2, "percent_covered": 100.0, "percent_covered_display": "100", "missing_lines": 0, "excluded_lines": 0}, "missing_lines": [], "excluded_lines": []}, "get_price_cache_collection": {"executed_lines": [321, 322], "summary": {"covered_lines": 2, "num_statements": 2, "percent_covered": 100.0, "percent_covered_display": "100", "missing_lines": 0, "excluded_lines": 0}, "missing_lines": [], "excluded_lines": []}, "close_database_connections": {"executed_lines": [328, 329, 330], "summary": {"covered_lines": 3, "num_statements": 3, "percent_covered": 100.0, "percent_covered_display": "100", "missing_lines": 0, "excluded_lines": 0}, "missing_lines": [], "excluded_lines": []}, "test_database_connection": {"executed_lines": [341, 342, 343], "summary": {"covered_lines": 3, "num_statements": 5, "percent_covered": 60.0, "percent_covered_display": "60", "missing_lines": 2, "excluded_lines": 0}, "missing_lines": [345, 346], "excluded_lines": []}, "": {"executed_lines": [1, 8, 9, 10, 11, 12, 14, 15, 16, 18, 26, 28, 31, 32, 37, 49, 61, 65, 117, 138, 153, 159, 165, 171, 172, 196, 197, 210, 211, 227, 231, 257, 260, 268, 269, 280, 281, 292, 293, 307, 313, 319, 325, 333], "summary": {"covered_lines": 42, "num_statements": 42, "percent_covered": 100.0, "percent_covered_display": "100", "missing_lines": 0, "excluded_lines": 0}, "missing_lines": [], "excluded_lines": []}}, "classes": {"DatabaseManager": {"executed_lines": [38, 39, 43, 46, 47, 51, 52, 53, 54, 55, 56, 58, 59, 63, 73, 74, 77, 79, 80, 82, 91, 92, 94, 95, 98, 99, 107, 108, 110, 111, 112, 113, 115, 124, 125, 128, 130, 131, 132, 134, 136, 148, 149, 150, 151, 155, 156, 157, 161, 162, 167, 168, 180, 181, 184, 185, 187, 188, 189, 190, 194, 204, 205, 208, 221, 222, 225, 229, 239, 240, 243, 245, 246, 247, 249, 250, 251, 252, 253], "summary": {"covered_lines": 79, "num_statements": 85, "percent_covered": 92.94117647058823, "percent_covered_display": "93", "missing_lines": 6, "excluded_lines": 0}, "missing_lines": [133, 163, 169, 206, 223, 248], "excluded_lines": []}, "": {"executed_lines": [1, 8, 9, 10, 11, 12, 14, 15, 16, 18, 26, 28, 31, 32, 37, 49, 61, 65, 117, 138, 153, 159, 165, 171, 172, 196, 197, 210, 211, 227, 231, 257, 260, 263, 264, 265, 268, 269, 276, 277, 280, 281, 288, 289, 292, 293, 303, 304, 307, 309, 310, 313, 315, 316, 319, 321, 322, 325, 328, 329, 330, 333, 341, 342, 343], "summary": {"covered_lines": 63, "num_statements": 65, "percent_covered": 96.92307692307692, "percent_covered_display": "97", "missing_lines": 2, "excluded_lines": 0}, "missing_lines": [345, 346], "excluded_lines": []}}}, "ygoapi/memory_manager.py": {"executed_lines": [1, 8, 9, 10, 11, 12, 14, 16, 19, 20, 28, 35, 36, 37, 38, 39, 40, 42, 44, 51, 52, 53, 54, 56, 68, 70, 71, 73, 75, 76, 78, 86, 87, 89, 91, 94, 95, 96, 97, 98, 99, 102, 103, 106, 107, 111, 113, 114, 115, 118, 121, 122, 123, 127, 128, 129, 133, 144, 145, 147, 149, 150, 153, 155, 156, 158, 159, 161, 165, 168, 171, 172, 173, 176, 186, 187, 190, 192, 193, 196, 198, 199], "summary": {"covered_lines": 80, "num_statements": 80, "percent_covered": 100.0, "percent_covered_display": "100", "missing_lines": 0, "excluded_lines": 0}, "missing_lines": [], "excluded_lines": [], "functions": {"MemoryManager.__init__": {"executed_lines": [35, 36, 37, 38, 39, 40, 42], "summary": {"covered_lines": 7, "num_statements": 7, "percent_covered": 100.0, "percent_covered_display": "100", "missing_lines": 0, "excluded_lines": 0}, "missing_lines": [], "excluded_lines": []}, "MemoryManager.get_current_memory_usage": {"executed_lines": [51, 52, 53, 54, 56], "summary": {"covered_lines": 5, "num_statements": 5, "percent_covered": 100.0, "percent_covered_display": "100", "missing_lines": 0, "excluded_lines": 0}, "missing_lines": [], "excluded_lines": []}, "MemoryManager.is_memory_critical": {"executed_lines": [70, 71], "summary": {"covered_lines": 2, "num_statements": 2, "percent_covered": 100.0, "percent_covered_display": "100", "missing_lines": 0, "excluded_lines": 0}, "missing_lines": [], "excluded_lines": []}, "MemoryManager.is_memory_warning": {"executed_lines": [75, 76], "summary": {"covered_lines": 2, "num_statements": 2, "percent_covered": 100.0, "percent_covered_display": "100", "missing_lines": 0, "excluded_lines": 0}, "missing_lines": [], "excluded_lines": []}, "MemoryManager.register_cleanup_callback": {"executed_lines": [86, 87], "summary": {"covered_lines": 2, "num_statements": 2, "percent_covered": 100.0, "percent_covered_display": "100", "missing_lines": 0, "excluded_lines": 0}, "missing_lines": [], "excluded_lines": []}, "MemoryManager.force_cleanup": {"executed_lines": [91, 94, 95, 96, 97, 98, 99, 102, 103, 106, 107], "summary": {"covered_lines": 11, "num_statements": 11, "percent_covered": 100.0, "percent_covered_display": "100", "missing_lines": 0, "excluded_lines": 0}, "missing_lines": [], "excluded_lines": []}, "MemoryManager.check_memory_and_cleanup": {"executed_lines": [113, 114, 115, 118, 121, 122, 123, 127, 128, 129], "summary": {"covered_lines": 10, "num_statements": 10, "percent_covered": 100.0, "percent_covered_display": "100", "missing_lines": 0, "excluded_lines": 0}, "missing_lines": [], "excluded_lines": []}, "MemoryManager.memory_limit_decorator": {"executed_lines": [144, 145, 161], "summary": {"covered_lines": 3, "num_statements": 3, "percent_covered": 100.0, "percent_covered_display": "100", "missing_lines": 0, "excluded_lines": 0}, "missing_lines": [], "excluded_lines": []}, "MemoryManager.memory_limit_decorator.wrapper": {"executed_lines": [147, 149, 150, 153, 155, 156, 158, 159], "summary": {"covered_lines": 8, "num_statements": 8, "percent_covered": 100.0, "percent_covered_display": "100", "missing_lines": 0, "excluded_lines": 0}, "missing_lines": [], "excluded_lines": []}, "get_memory_manager": {"executed_lines": [171, 172, 173], "summary": {"covered_lines": 3, "num_statements": 3, "percent_covered": 100.0, "percent_covered_display": "100", "missing_lines": 0, "excluded_lines": 0}, "missing_lines": [], "excluded_lines": []}, "monitor_memory": {"executed_lines": [186, 187], "summary": {"covered_lines": 2, "num_statements": 2, "percent_covered": 100.0, "percent_covered_display": "100", "missing_lines": 0, "excluded_lines": 0}, "missing_lines": [], "excluded_lines": []}, "get_memory_stats": {"executed_lines": [192, 193], "summary": {"covered_lines": 2, "num_statements": 2, "percent_covered": 100.0, "percent_covered_display": "100", "missing_lines": 0, "excluded_lines": 0}, "missing_lines": [], "excluded_lines": []}, "force_memory_cleanup": {"executed_lines": [198, 199], "summary": {"covered_lines": 2, "num_statements": 2, "percent_covered": 100.0, "percent_covered_display": "100", "missing_lines": 0, "excluded_lines": 0}, "missing_lines": [], "excluded_lines": []}, "": {"executed_lines": [1, 8, 9, 10, 11, 12, 14, 16, 19, 20, 28, 44, 68, 73, 78, 89, 111, 133, 165, 168, 176, 190, 196], "summary": {"covered_lines": 21, "num_statements": 21, "percent_covered": 100.0, "percent_covered_display": "100", "missing_lines": 0, "excluded_lines": 0}, "missing_lines": [], "excluded_lines": []}}, "classes": {"MemoryManager": {"executed_lines": [35, 36, 37, 38, 39, 40, 42, 51, 52, 53, 54, 56, 70, 71, 75, 76, 86, 87, 91, 94, 95, 96, 97, 98, 99, 102, 103, 106, 107, 113, 114, 115, 118, 121, 122, 123, 127, 128, 129, 144, 145, 147, 149, 150, 153, 155, 156, 158, 159, 161], "summary": {"covered_lines": 50, "num_statements": 50, "percent_covered": 100.0, "percent_covered_display": "100", "missing_lines": 0, "excluded_lines": 0}, "missing_lines": [], "excluded_lines": []}, "": {"executed_lines": [1, 8, 9, 10, 11, 12, 14, 16, 19, 20, 28, 44, 68, 73, 78, 89, 111, 133, 165, 168, 171, 172, 173, 176, 186, 187, 190, 192, 193, 196, 198, 199], "summary": {"covered_lines": 30, "num_statements": 30, "percent_covered": 100.0, "percent_covered_display": "100", "missing_lines": 0, "excluded_lines": 0}, "missing_lines": [], "excluded_lines": []}}}, "ygoapi/models.py": {"executed_lines": [1, 7, 8, 10, 11, 14, 15, 17, 18, 19, 21, 22, 23, 24, 25, 27, 28, 29, 32, 33, 35, 36, 37, 38, 39, 42, 43, 44, 45, 46, 49, 50, 51, 53, 54, 55, 56, 59, 60, 62, 63, 64, 65, 68, 69, 71, 72, 75, 76, 79, 82, 83, 84, 85, 86, 87, 90, 91, 92, 93, 94, 95, 96, 97, 98, 101, 102, 103, 104, 105, 108, 111, 112, 114, 115, 116, 119, 120, 122, 123, 124, 125, 126, 127, 128, 129, 130, 131, 132, 133, 134, 135, 136, 137, 138, 139, 141, 142, 143, 146, 147, 149, 150, 151, 152, 153, 154, 155, 156, 158, 159, 162, 163, 165, 166, 167, 168, 169, 171, 172, 175, 176, 178, 179, 180, 181, 182, 185, 186, 187, 188, 189, 192, 193, 194, 196, 197, 198, 201, 202, 204, 205, 206, 207, 208, 209, 210, 212, 213], "summary": {"covered_lines": 139, "num_statements": 139, "percent_covered": 100.0, "percent_covered_display": "100", "missing_lines": 0, "excluded_lines": 0}, "missing_lines": [], "excluded_lines": [], "functions": {"PyObjectId.__get_validators__": {"executed_lines": [19], "summary": {"covered_lines": 1, "num_statements": 1, "percent_covered": 100.0, "percent_covered_display": "100", "missing_lines": 0, "excluded_lines": 0}, "missing_lines": [], "excluded_lines": []}, "PyObjectId.validate": {"executed_lines": [23, 24, 25], "summary": {"covered_lines": 3, "num_statements": 3, "percent_covered": 100.0, "percent_covered_display": "100", "missing_lines": 0, "excluded_lines": 0}, "missing_lines": [], "excluded_lines": []}, "PyObjectId.__get_pydantic_json_schema__": {"executed_lines": [29], "summary": {"covered_lines": 1, "num_statements": 1, "percent_covered": 100.0, "percent_covered_display": "100", "missing_lines": 0, "excluded_lines": 0}, "missing_lines": [], "excluded_lines": []}, "": {"executed_lines": [1, 7, 8, 10, 11, 14, 15, 17, 18, 21, 22, 27, 28, 32, 33, 35, 36, 37, 38, 39, 42, 43, 44, 45, 46, 49, 50, 51, 53, 54, 55, 56, 59, 60, 62, 63, 64, 65, 68, 69, 71, 72, 75, 76, 79, 82, 83, 84, 85, 86, 87, 90, 91, 92, 93, 94, 95, 96, 97, 98, 101, 102, 103, 104, 105, 108, 111, 112, 114, 115, 116, 119, 120, 122, 123, 124, 125, 126, 127, 128, 129, 130, 131, 132, 133, 134, 135, 136, 137, 138, 139, 141, 142, 143, 146, 147, 149, 150, 151, 152, 153, 154, 155, 156, 158, 159, 162, 163, 165, 166, 167, 168, 169, 171, 172, 175, 176, 178, 179, 180, 181, 182, 185, 186, 187, 188, 189, 192, 193, 194, 196, 197, 198, 201, 202, 204, 205, 206, 207, 208, 209, 210, 212, 213], "summary": {"covered_lines": 134, "num_statements": 134, "percent_covered": 100.0, "percent_covered_display": "100", "missing_lines": 0, "excluded_lines": 0}, "missing_lines": [], "excluded_lines": []}}, "classes": {"PyObjectId": {"executed_lines": [19, 23, 24, 25, 29], "summary": {"covered_lines": 5, "num_statements": 5, "percent_covered": 100.0, "percent_covered_display": "100", "missing_lines": 0, "excluded_lines": 0}, "missing_lines": [], "excluded_lines": []}, "CardPriceModel": {"executed_lines": [], "summary": {"covered_lines": 0, "num_statements": 0, "percent_covered": 100.0, "percent_covered_display": "100", "missing_lines": 0, "excluded_lines": 0}, "missing_lines": [], "excluded_lines": []}, "CardPriceModel.Config": {"executed_lines": [], "summary": {"covered_lines": 0, "num_statements": 0, "percent_covered": 100.0, "percent_covered_display": "100", "missing_lines": 0, "excluded_lines": 0}, "missing_lines": [], "excluded_lines": []}, "CardSetModel": {"executed_lines": [], "summary": {"covered_lines": 0, "num_statements": 0, "percent_covered": 100.0, "percent_covered_display": "100", "missing_lines": 0, "excluded_lines": 0}, "missing_lines": [], "excluded_lines": []}, "CardSetModel.Config": {"executed_lines": [], "summary": {"covered_lines": 0, "num_statements": 0, "percent_covered": 100.0, "percent_covered_display": "100", "missing_lines": 0, "excluded_lines": 0}, "missing_lines": [], "excluded_lines": []}, "CardVariantModel": {"executed_lines": [], "summary": {"covered_lines": 0, "num_statements": 0, "percent_covered": 100.0, "percent_covered_display": "100", "missing_lines": 0, "excluded_lines": 0}, "missing_lines": [], "excluded_lines": []}, "CardVariantModel.Config": {"executed_lines": [], "summary": {"covered_lines": 0, "num_statements": 0, "percent_covered": 100.0, "percent_covered_display": "100", "missing_lines": 0, "excluded_lines": 0}, "missing_lines": [], "excluded_lines": []}, "CardModel": {"executed_lines": [], "summary": {"covered_lines": 0, "num_statements": 0, "percent_covered": 100.0, "percent_covered_display": "100", "missing_lines": 0, "excluded_lines": 0}, "missing_lines": [], "excluded_lines": []}, "CardModel.Config": {"executed_lines": [], "summary": {"covered_lines": 0, "num_statements": 0, "percent_covered": 100.0, "percent_covered_display": "100", "missing_lines": 0, "excluded_lines": 0}, "missing_lines": [], "excluded_lines": []}, "ProcessingStats": {"executed_lines": [], "summary": {"covered_lines": 0, "num_statements": 0, "percent_covered": 100.0, "percent_covered_display": "100", "missing_lines": 0, "excluded_lines": 0}, "missing_lines": [], "excluded_lines": []}, "ProcessingStats.Config": {"executed_lines": [], "summary": {"covered_lines": 0, "num_statements": 0, "percent_covered": 100.0, "percent_covered_display": "100", "missing_lines": 0, "excluded_lines": 0}, "missing_lines": [], "excluded_lines": []}, "PriceScrapingRequest": {"executed_lines": [], "summary": {"covered_lines": 0, "num_statements": 0, "percent_covered": 100.0, "percent_covered_display": "100", "missing_lines": 0, "excluded_lines": 0}, "missing_lines": [], "excluded_lines": []}, "PriceScrapingRequest.Config": {"executed_lines": [], "summary": {"covered_lines": 0, "num_statements": 0, "percent_covered": 100.0, "percent_covered_display": "100", "missing_lines": 0, "excluded_lines": 0}, "missing_lines": [], "excluded_lines": []}, "PriceScrapingResponse": {"executed_lines": [], "summary": {"covered_lines": 0, "num_statements": 0, "percent_covered": 100.0, "percent_covered_display": "100", "missing_lines": 0, "excluded_lines": 0}, "missing_lines": [], "excluded_lines": []}, "PriceScrapingResponse.Config": {"executed_lines": [], "summary": {"covered_lines": 0, "num_statements": 0, "percent_covered": 100.0, "percent_covered_display": "100", "missing_lines": 0, "excluded_lines": 0}, "missing_lines": [], "excluded_lines": []}, "MemoryStats": {"executed_lines": [], "summary": {"covered_lines": 0, "num_statements": 0, "percent_covered": 100.0, "percent_covered_display": "100", "missing_lines": 0, "excluded_lines": 0}, "missing_lines": [], "excluded_lines": []}, "MemoryStats.Config": {"executed_lines": [], "summary": {"covered_lines": 0, "num_statements": 0, "percent_covered": 100.0, "percent_covered_display": "100", "missing_lines": 0, "excluded_lines": 0}, "missing_lines": [], "excluded_lines": []}, "": {"executed_lines": [1, 7, 8, 10, 11, 14, 15, 17, 18, 21, 22, 27, 28, 32, 33, 35, 36, 37, 38, 39, 42, 43, 44, 45, 46, 49, 50, 51, 53, 54, 55, 56, 59, 60, 62, 63, 64, 65, 68, 69, 71, 72, 75, 76, 79, 82, 83, 84, 85, 86, 87, 90, 91, 92, 93, 94, 95, 96, 97, 98, 101, 102, 103, 104, 105, 108, 111, 112, 114, 115, 116, 119, 120, 122, 123, 124, 125, 126, 127, 128, 129, 130, 131, 132, 133, 134, 135, 136, 137, 138, 139, 141, 142, 143, 146, 147, 149, 150, 151, 152, 153, 154, 155, 156, 158, 159, 162, 163, 165, 166, 167, 168, 169, 171, 172, 175, 176, 178, 179, 180, 181, 182, 185, 186, 187, 188, 189, 192, 193, 194, 196, 197, 198, 201, 202, 204, 205, 206, 207, 208, 209, 210, 212, 213], "summary": {"covered_lines": 134, "num_statements": 134, "percent_covered": 100.0, "percent_covered_display": "100", "missing_lines": 0, "excluded_lines": 0}, "missing_lines": [], "excluded_lines": []}}}, "ygoapi/price_scraping.py": {"executed_lines": [1, 8, 9, 10, 11, 12, 13, 15, 16, 18, 32, 33, 34, 35, 49, 52, 53, 55, 56, 57, 58, 59, 60, 61, 63, 67, 69, 70, 71, 73, 75, 76, 77, 78, 79, 80, 82, 84, 85, 86, 87, 88, 90, 93, 95, 97, 103, 104, 106, 108, 109, 110, 113, 114, 117, 120, 121, 123, 124, 127, 139, 141, 144, 145, 146, 149, 153, 155, 156, 157, 158, 160, 170, 171, 173, 176, 177, 178, 181, 205, 206, 207, 210, 212, 222, 223, 225, 226, 229, 230, 231, 232, 233, 234, 235, 238, 241, 253, 254, 255, 257, 259, 260, 280, 281, 283, 284, 285, 288, 289, 293, 299, 308, 310, 321, 323, 324, 325, 328, 334, 335, 337, 341, 342, 345, 347, 350, 356, 357, 368, 369, 372, 373, 374, 377, 378, 380, 381, 383, 386, 387, 388, 391, 392, 395, 396, 397, 398, 399, 402, 405, 406, 409, 410, 411, 414, 415, 418, 420, 423, 424, 431, 443, 446, 449, 452, 454, 456, 457, 470, 471, 474, 475, 476, 479, 495, 502, 504, 505, 506, 508, 511, 513, 514, 515, 517, 518, 528, 529, 532, 537, 538, 540, 541, 544, 545, 547, 553, 554, 564, 565, 566, 567, 569, 570, 580, 582, 583, 585, 586, 589, 590, 591, 594, 596, 597, 599, 600, 601, 603, 604, 615, 616, 617, 620, 622, 623, 630, 631, 634, 635, 636, 645, 648, 649, 652, 655, 657, 665, 666, 667, 669, 670, 688, 689, 692, 693, 695, 696, 697, 700, 703, 706, 708, 711, 712, 736, 737, 738, 742, 745, 746, 747, 748, 750, 752, 755, 765, 766, 767, 768, 778, 782, 784, 788, 789, 790, 792, 793, 794, 804, 807, 809, 811, 830, 831, 852, 854, 855, 856, 867, 868, 871, 874, 875, 876, 877, 888, 890, 893, 894, 896, 903, 904, 905, 911, 913, 917, 928, 929, 930, 940, 941, 942, 951, 952, 962, 963, 965, 966, 967, 968, 969, 970, 971, 974, 1045, 1046, 1047, 1050, 1052, 1053, 1054, 1055, 1057, 1060, 1061, 1062, 1063, 1064, 1074, 1075, 1076, 1077, 1078, 1079, 1080, 1082, 1083, 1086, 1087, 1088, 1089, 1090, 1095, 1096, 1097, 1100, 1101, 1102, 1104, 1105, 1107, 1108, 1110, 1112, 1113, 1124, 1131, 1132, 1134, 1137, 1139, 1140, 1143, 1145, 1146, 1147, 1148, 1151, 1152, 1154, 1155, 1156, 1160, 1161, 1162, 1164, 1165, 1167, 1168, 1275, 1277, 1278, 1279, 1283], "summary": {"covered_lines": 394, "num_statements": 429, "percent_covered": 91.84149184149184, "percent_covered_display": "92", "missing_lines": 35, "excluded_lines": 0}, "missing_lines": [99, 100, 150, 151, 338, 339, 352, 353, 354, 426, 427, 429, 533, 534, 549, 550, 551, 717, 724, 730, 819, 820, 821, 1065, 1066, 1067, 1070, 1071, 1091, 1092, 1118, 1119, 1125, 1126, 1158], "excluded_lines": [], "functions": {"PriceScrapingService.__init__": {"executed_lines": [56, 57, 58, 59, 60, 61, 63], "summary": {"covered_lines": 7, "num_statements": 7, "percent_covered": 100.0, "percent_covered_display": "100", "missing_lines": 0, "excluded_lines": 0}, "missing_lines": [], "excluded_lines": []}, "PriceScrapingService._ensure_initialized": {"executed_lines": [69, 70, 71], "summary": {"covered_lines": 3, "num_statements": 3, "percent_covered": 100.0, "percent_covered_display": "100", "missing_lines": 0, "excluded_lines": 0}, "missing_lines": [], "excluded_lines": []}, "PriceScrapingService.cleanup_playwright": {"executed_lines": [75, 76, 77, 78, 79, 80, 82, 84, 85, 86, 87, 88, 90, 93, 95, 97, 103, 104], "summary": {"covered_lines": 18, "num_statements": 20, "percent_covered": 90.0, "percent_covered_display": "90", "missing_lines": 2, "excluded_lines": 0}, "missing_lines": [99, 100], "excluded_lines": []}, "PriceScrapingService._initialize_collections": {"executed_lines": [108, 109, 110, 113, 114, 117, 120, 121, 123, 124, 127, 139, 141, 144, 145, 146, 149, 153, 155, 156, 157, 158], "summary": {"covered_lines": 22, "num_statements": 24, "percent_covered": 91.66666666666667, "percent_covered_display": "92", "missing_lines": 2, "excluded_lines": 0}, "missing_lines": [150, 151], "excluded_lines": []}, "PriceScrapingService._normalize_art_variant": {"executed_lines": [170, 171, 173, 176, 177, 178, 181, 205, 206, 207, 210], "summary": {"covered_lines": 11, "num_statements": 11, "percent_covered": 100.0, "percent_covered_display": "100", "missing_lines": 0, "excluded_lines": 0}, "missing_lines": [], "excluded_lines": []}, "PriceScrapingService._get_art_variant_alternatives": {"executed_lines": [222, 223, 225, 226, 229, 230, 231, 232, 233, 234, 235, 238, 241, 253, 254, 255, 257], "summary": {"covered_lines": 17, "num_statements": 17, "percent_covered": 100.0, "percent_covered_display": "100", "missing_lines": 0, "excluded_lines": 0}, "missing_lines": [], "excluded_lines": []}, "PriceScrapingService.find_cached_price_data": {"executed_lines": [280, 281, 283, 284, 285, 288, 289, 293, 299, 308, 310, 321, 323, 324, 325, 328, 334, 335, 337, 341, 342, 345, 347, 350], "summary": {"covered_lines": 24, "num_statements": 29, "percent_covered": 82.75862068965517, "percent_covered_display": "83", "missing_lines": 5, "excluded_lines": 0}, "missing_lines": [338, 339, 352, 353, 354], "excluded_lines": []}, "PriceScrapingService.validate_card_rarity": {"executed_lines": [368, 369, 372, 373, 374, 377, 378, 380, 381, 383, 386, 387, 388, 391, 392, 395, 396, 397, 398, 399, 402, 405, 406, 409, 410, 411, 414, 415, 418, 420, 423, 424], "summary": {"covered_lines": 32, "num_statements": 35, "percent_covered": 91.42857142857143, "percent_covered_display": "91", "missing_lines": 3, "excluded_lines": 0}, "missing_lines": [426, 427, 429], "excluded_lines": []}, "PriceScrapingService._are_rarities_equivalent": {"executed_lines": [443, 446, 449, 452, 454], "summary": {"covered_lines": 5, "num_statements": 5, "percent_covered": 100.0, "percent_covered_display": "100", "missing_lines": 0, "excluded_lines": 0}, "missing_lines": [], "excluded_lines": []}, "PriceScrapingService.save_price_data": {"executed_lines": [470, 471, 474, 475, 476, 479, 495, 502, 504, 505, 506, 508, 511, 513, 514, 515], "summary": {"covered_lines": 16, "num_statements": 16, "percent_covered": 100.0, "percent_covered_display": "100", "missing_lines": 0, "excluded_lines": 0}, "missing_lines": [], "excluded_lines": []}, "PriceScrapingService.lookup_card_info_from_cache": {"executed_lines": [528, 529, 532, 537, 538, 540, 541, 544, 545, 547], "summary": {"covered_lines": 10, "num_statements": 15, "percent_covered": 66.66666666666667, "percent_covered_display": "67", "missing_lines": 5, "excluded_lines": 0}, "missing_lines": [533, 534, 549, 550, 551], "excluded_lines": []}, "PriceScrapingService.lookup_card_name_from_cache": {"executed_lines": [564, 565, 566, 567], "summary": {"covered_lines": 4, "num_statements": 4, "percent_covered": 100.0, "percent_covered_display": "100", "missing_lines": 0, "excluded_lines": 0}, "missing_lines": [], "excluded_lines": []}, "PriceScrapingService.lookup_card_name_from_ygo_api": {"executed_lines": [580, 582, 583, 585, 586, 589, 590, 591, 594, 596, 597, 599, 600, 601], "summary": {"covered_lines": 14, "num_statements": 14, "percent_covered": 100.0, "percent_covered_display": "100", "missing_lines": 0, "excluded_lines": 0}, "missing_lines": [], "excluded_lines": []}, "PriceScrapingService.lookup_card_name": {"executed_lines": [615, 616, 617, 620], "summary": {"covered_lines": 4, "num_statements": 4, "percent_covered": 100.0, "percent_covered_display": "100", "missing_lines": 0, "excluded_lines": 0}, "missing_lines": [], "excluded_lines": []}, "PriceScrapingService.get_cache_stats": {"executed_lines": [630, 631, 634, 635, 636, 645, 648, 649, 652, 655, 657, 665, 666, 667], "summary": {"covered_lines": 14, "num_statements": 14, "percent_covered": 100.0, "percent_covered_display": "100", "missing_lines": 0, "excluded_lines": 0}, "missing_lines": [], "excluded_lines": []}, "PriceScrapingService.scrape_price_from_tcgplayer_basic": {"executed_lines": [688, 689, 692, 693, 695, 696, 697, 700, 703, 706, 708, 711, 712, 736, 737, 738, 742, 745, 746, 747, 748, 750, 752, 755, 765, 766, 767, 768, 778, 782, 784, 788, 789, 790, 792, 793, 794, 804, 807, 809, 811], "summary": {"covered_lines": 41, "num_statements": 47, "percent_covered": 87.23404255319149, "percent_covered_display": "87", "missing_lines": 6, "excluded_lines": 0}, "missing_lines": [717, 724, 730, 819, 820, 821], "excluded_lines": []}, "PriceScrapingService.scrape_card_price": {"executed_lines": [852, 854, 855, 856, 867, 868, 871, 874, 875, 876, 877, 888, 890, 893, 894, 896, 903, 904, 905, 911, 913, 917, 928, 929, 930, 940, 941, 942], "summary": {"covered_lines": 28, "num_statements": 28, "percent_covered": 100.0, "percent_covered_display": "100", "missing_lines": 0, "excluded_lines": 0}, "missing_lines": [], "excluded_lines": []}, "PriceScrapingService.select_best_tcgplayer_variant": {"executed_lines": [962, 963, 965, 966, 967, 968, 969, 970, 971, 974, 1045, 1046, 1047, 1050, 1052, 1053, 1054, 1055, 1057, 1060, 1061, 1062, 1063, 1064, 1074, 1075, 1076, 1077, 1078, 1079, 1080, 1082, 1083, 1086, 1087, 1088, 1089, 1090, 1095, 1096, 1097, 1100, 1101, 1102, 1104, 1105, 1107, 1108, 1110, 1112, 1113, 1124, 1131, 1132, 1134, 1137, 1139, 1140, 1143, 1145, 1146, 1147, 1148, 1151, 1152, 1154, 1155, 1156, 1160, 1161, 1162], "summary": {"covered_lines": 71, "num_statements": 83, "percent_covered": 85.5421686746988, "percent_covered_display": "86", "missing_lines": 12, "excluded_lines": 0}, "missing_lines": [1065, 1066, 1067, 1070, 1071, 1091, 1092, 1118, 1119, 1125, 1126, 1158], "excluded_lines": []}, "PriceScrapingService.extract_prices_from_tcgplayer_dom": {"executed_lines": [1167, 1168, 1275, 1277, 1278, 1279], "summary": {"covered_lines": 6, "num_statements": 6, "percent_covered": 100.0, "percent_covered_display": "100", "missing_lines": 0, "excluded_lines": 0}, "missing_lines": [], "excluded_lines": []}, "": {"executed_lines": [1, 8, 9, 10, 11, 12, 13, 15, 16, 18, 32, 33, 34, 35, 49, 52, 53, 55, 67, 73, 106, 160, 212, 259, 260, 356, 357, 431, 456, 457, 517, 518, 553, 554, 569, 570, 603, 604, 622, 623, 669, 670, 830, 831, 951, 952, 1164, 1165, 1283], "summary": {"covered_lines": 47, "num_statements": 47, "percent_covered": 100.0, "percent_covered_display": "100", "missing_lines": 0, "excluded_lines": 0}, "missing_lines": [], "excluded_lines": []}}, "classes": {"PriceScrapingService": {"executed_lines": [56, 57, 58, 59, 60, 61, 63, 69, 70, 71, 75, 76, 77, 78, 79, 80, 82, 84, 85, 86, 87, 88, 90, 93, 95, 97, 103, 104, 108, 109, 110, 113, 114, 117, 120, 121, 123, 124, 127, 139, 141, 144, 145, 146, 149, 153, 155, 156, 157, 158, 170, 171, 173, 176, 177, 178, 181, 205, 206, 207, 210, 222, 223, 225, 226, 229, 230, 231, 232, 233, 234, 235, 238, 241, 253, 254, 255, 257, 280, 281, 283, 284, 285, 288, 289, 293, 299, 308, 310, 321, 323, 324, 325, 328, 334, 335, 337, 341, 342, 345, 347, 350, 368, 369, 372, 373, 374, 377, 378, 380, 381, 383, 386, 387, 388, 391, 392, 395, 396, 397, 398, 399, 402, 405, 406, 409, 410, 411, 414, 415, 418, 420, 423, 424, 443, 446, 449, 452, 454, 470, 471, 474, 475, 476, 479, 495, 502, 504, 505, 506, 508, 511, 513, 514, 515, 528, 529, 532, 537, 538, 540, 541, 544, 545, 547, 564, 565, 566, 567, 580, 582, 583, 585, 586, 589, 590, 591, 594, 596, 597, 599, 600, 601, 615, 616, 617, 620, 630, 631, 634, 635, 636, 645, 648, 649, 652, 655, 657, 665, 666, 667, 688, 689, 692, 693, 695, 696, 697, 700, 703, 706, 708, 711, 712, 736, 737, 738, 742, 745, 746, 747, 748, 750, 752, 755, 765, 766, 767, 768, 778, 782, 784, 788, 789, 790, 792, 793, 794, 804, 807, 809, 811, 852, 854, 855, 856, 867, 868, 871, 874, 875, 876, 877, 888, 890, 893, 894, 896, 903, 904, 905, 911, 913, 917, 928, 929, 930, 940, 941, 942, 962, 963, 965, 966, 967, 968, 969, 970, 971, 974, 1045, 1046, 1047, 1050, 1052, 1053, 1054, 1055, 1057, 1060, 1061, 1062, 1063, 1064, 1074, 1075, 1076, 1077, 1078, 1079, 1080, 1082, 1083, 1086, 1087, 1088, 1089, 1090, 1095, 1096, 1097, 1100, 1101, 1102, 1104, 1105, 1107, 1108, 1110, 1112, 1113, 1124, 1131, 1132, 1134, 1137, 1139, 1140, 1143, 1145, 1146, 1147, 1148, 1151, 1152, 1154, 1155, 1156, 1160, 1161, 1162, 1167, 1168, 1275, 1277, 1278, 1279], "summary": {"covered_lines": 347, "num_statements": 382, "percent_covered": 90.83769633507853, "percent_covered_display": "91", "missing_lines": 35, "excluded_lines": 0}, "missing_lines": [99, 100, 150, 151, 338, 339, 352, 353, 354, 426, 427, 429, 533, 534, 549, 550, 551, 717, 724, 730, 819, 820, 821, 1065, 1066, 1067, 1070, 1071, 1091, 1092, 1118, 1119, 1125, 1126, 1158], "excluded_lines": []}, "": {"executed_lines": [1, 8, 9, 10, 11, 12, 13, 15, 16, 18, 32, 33, 34, 35, 49, 52, 53, 55, 67, 73, 106, 160, 212, 259, 260, 356, 357, 431, 456, 457, 517, 518, 553, 554, 569, 570, 603, 604, 622, 623, 669, 670, 830, 831, 951, 952, 1164, 1165, 1283], "summary": {"covered_lines": 47, "num_statements": 47, "percent_covered": 100.0, "percent_covered_display": "100", "missing_lines": 0, "excluded_lines": 0}, "missing_lines": [], "excluded_lines": []}}}, "ygoapi/routes.py": {"executed_lines": [1, 8, 9, 10, 11, 13, 14, 16, 17, 18, 19, 20, 22, 25, 33, 34, 35, 37, 45, 46, 47, 49, 51, 52, 57, 58, 59, 60, 65, 66, 71, 72, 75, 76, 86, 89, 90, 93, 95, 98, 101, 102, 112, 117, 118, 119, 123, 124, 135, 136, 137, 141, 144, 147, 157, 173, 174, 175, 176, 180, 183, 184, 187, 188, 189, 191, 192, 194, 195, 196, 205, 211, 219, 220, 223, 224, 229, 230, 231, 233, 235, 236, 237, 239, 240, 241, 243, 244, 245, 246, 247, 248, 250, 251, 252, 254, 255, 257, 258, 263, 264, 265, 266, 269, 272, 277, 279, 281, 282, 284, 285, 286, 300, 317, 318, 319, 321, 322, 323, 325, 326, 327, 328, 329, 330, 332, 333, 334, 336, 337, 338, 339, 340, 341, 343, 344, 345, 347, 348, 349, 356, 357, 358, 363, 364, 365, 367, 368, 369, 374, 375, 376, 378, 379, 380, 385, 386, 387, 389, 391, 392, 395, 397, 399, 402, 405, 406, 407, 409, 410, 411, 413, 416, 417, 419, 421, 424, 425, 427, 429, 431, 442, 445, 447, 448, 461, 474, 475, 476, 489, 490, 491, 493, 496, 520, 521, 522, 524, 525, 526, 533, 534, 535, 545, 546, 547, 549, 550, 551, 552, 553, 554, 556, 557, 558, 560, 561, 562, 563, 564, 565, 567, 568, 569, 571, 572, 573, 574, 581, 582, 583, 585, 586, 587, 589, 590, 591, 593, 594, 595, 596, 598, 604, 606, 607, 608, 616, 617, 618, 619, 625, 628, 631, 637, 638, 639, 640, 642, 645, 647, 649, 652, 653, 654, 655, 657, 668, 678, 679, 684, 685, 686, 762, 763, 764, 772, 773, 774, 777, 778, 779, 782, 784, 786, 788, 789, 801, 818, 819, 821, 823, 824], "summary": {"covered_lines": 291, "num_statements": 344, "percent_covered": 84.59302325581395, "percent_covered_display": "85", "missing_lines": 53, "excluded_lines": 0}, "missing_lines": [91, 198, 199, 204, 206, 207, 208, 370, 371, 372, 381, 382, 383, 443, 508, 509, 510, 600, 601, 680, 681, 682, 694, 695, 696, 697, 703, 706, 709, 715, 716, 717, 718, 720, 723, 725, 727, 730, 731, 732, 733, 735, 746, 756, 757, 758, 759, 760, 780, 811, 812, 813, 826], "excluded_lines": [], "functions": {"register_routes": {"executed_lines": [33, 34, 35, 45, 46, 47, 239, 240, 241, 250, 251, 252, 321, 322, 323, 332, 333, 334, 343, 344, 345, 363, 364, 365, 374, 375, 376, 385, 386, 387, 489, 490, 491, 520, 521, 522, 545, 546, 547, 556, 557, 558, 567, 568, 569, 585, 586, 587, 604, 606, 607, 608, 684, 685, 686, 762, 763, 764, 818, 819, 823, 824], "summary": {"covered_lines": 62, "num_statements": 62, "percent_covered": 100.0, "percent_covered_display": "100", "missing_lines": 0, "excluded_lines": 0}, "missing_lines": [], "excluded_lines": []}, "register_routes.health_check": {"executed_lines": [37], "summary": {"covered_lines": 1, "num_statements": 1, "percent_covered": 100.0, "percent_covered_display": "100", "missing_lines": 0, "excluded_lines": 0}, "missing_lines": [], "excluded_lines": []}, "register_routes.scrape_card_price": {"executed_lines": [49, 51, 52, 57, 58, 59, 60, 65, 66, 71, 72, 75, 76, 86, 89, 90, 93, 95, 98, 101, 102, 112, 117, 118, 119, 123, 124, 135, 136, 137, 141, 144, 147, 157, 173, 174, 175, 176, 180, 183, 184, 187, 188, 189, 191, 192, 194, 195, 196, 205, 211, 219, 220, 223, 224, 229, 230, 231, 233, 235, 236, 237], "summary": {"covered_lines": 62, "num_statements": 69, "percent_covered": 89.85507246376811, "percent_covered_display": "90", "missing_lines": 7, "excluded_lines": 0}, "missing_lines": [91, 198, 199, 204, 206, 207, 208], "excluded_lines": []}, "register_routes.get_price_cache_stats": {"executed_lines": [243, 244, 245, 246, 247, 248], "summary": {"covered_lines": 6, "num_statements": 6, "percent_covered": 100.0, "percent_covered_display": "100", "missing_lines": 0, "excluded_lines": 0}, "missing_lines": [], "excluded_lines": []}, "register_routes.debug_cache_lookup": {"executed_lines": [254, 255, 257, 258, 263, 264, 265, 266, 269, 272, 277, 279, 281, 282, 284, 285, 286, 300, 317, 318, 319], "summary": {"covered_lines": 21, "num_statements": 21, "percent_covered": 100.0, "percent_covered_display": "100", "missing_lines": 0, "excluded_lines": 0}, "missing_lines": [], "excluded_lines": []}, "register_routes.get_all_card_sets": {"executed_lines": [325, 326, 327, 328, 329, 330], "summary": {"covered_lines": 6, "num_statements": 6, "percent_covered": 100.0, "percent_covered_display": "100", "missing_lines": 0, "excluded_lines": 0}, "missing_lines": [], "excluded_lines": []}, "register_routes.search_card_sets": {"executed_lines": [336, 337, 338, 339, 340, 341], "summary": {"covered_lines": 6, "num_statements": 6, "percent_covered": 100.0, "percent_covered_display": "100", "missing_lines": 0, "excluded_lines": 0}, "missing_lines": [], "excluded_lines": []}, "register_routes.upload_card_sets_to_mongodb": {"executed_lines": [347, 348, 349, 356, 357, 358], "summary": {"covered_lines": 6, "num_statements": 6, "percent_covered": 100.0, "percent_covered_display": "100", "missing_lines": 0, "excluded_lines": 0}, "missing_lines": [], "excluded_lines": []}, "register_routes.get_card_sets_from_cache": {"executed_lines": [367, 368, 369], "summary": {"covered_lines": 3, "num_statements": 6, "percent_covered": 50.0, "percent_covered_display": "50", "missing_lines": 3, "excluded_lines": 0}, "missing_lines": [370, 371, 372], "excluded_lines": []}, "register_routes.get_card_sets_count": {"executed_lines": [378, 379, 380], "summary": {"covered_lines": 3, "num_statements": 6, "percent_covered": 50.0, "percent_covered_display": "50", "missing_lines": 3, "excluded_lines": 0}, "missing_lines": [381, 382, 383], "excluded_lines": []}, "register_routes.get_cards_from_specific_set": {"executed_lines": [389, 391, 392, 395, 397, 399, 402, 405, 406, 407, 409, 410, 411, 413, 416, 417, 419, 421, 424, 425, 427, 429, 431, 442, 445, 447, 448, 461, 474, 475, 476], "summary": {"covered_lines": 31, "num_statements": 32, "percent_covered": 96.875, "percent_covered_display": "97", "missing_lines": 1, "excluded_lines": 0}, "missing_lines": [443], "excluded_lines": []}, "register_routes.fetch_all_cards_from_sets": {"executed_lines": [493, 496], "summary": {"covered_lines": 2, "num_statements": 5, "percent_covered": 40.0, "percent_covered_display": "40", "missing_lines": 3, "excluded_lines": 0}, "missing_lines": [508, 509, 510], "excluded_lines": []}, "register_routes.upload_card_variants_to_mongodb": {"executed_lines": [524, 525, 526, 533, 534, 535], "summary": {"covered_lines": 6, "num_statements": 6, "percent_covered": 100.0, "percent_covered_display": "100", "missing_lines": 0, "excluded_lines": 0}, "missing_lines": [], "excluded_lines": []}, "register_routes.get_card_variants_from_cache": {"executed_lines": [549, 550, 551, 552, 553, 554], "summary": {"covered_lines": 6, "num_statements": 6, "percent_covered": 100.0, "percent_covered_display": "100", "missing_lines": 0, "excluded_lines": 0}, "missing_lines": [], "excluded_lines": []}, "register_routes.get_memory_statistics": {"executed_lines": [560, 561, 562, 563, 564, 565], "summary": {"covered_lines": 6, "num_statements": 6, "percent_covered": 100.0, "percent_covered_display": "100", "missing_lines": 0, "excluded_lines": 0}, "missing_lines": [], "excluded_lines": []}, "register_routes.force_memory_cleanup_endpoint": {"executed_lines": [571, 572, 573, 574, 581, 582, 583], "summary": {"covered_lines": 7, "num_statements": 7, "percent_covered": 100.0, "percent_covered_display": "100", "missing_lines": 0, "excluded_lines": 0}, "missing_lines": [], "excluded_lines": []}, "register_routes.debug_art_extraction": {"executed_lines": [589, 590, 591, 593, 594, 595, 596, 598], "summary": {"covered_lines": 8, "num_statements": 10, "percent_covered": 80.0, "percent_covered_display": "80", "missing_lines": 2, "excluded_lines": 0}, "missing_lines": [600, 601], "excluded_lines": []}, "register_routes.proxy_card_image_legacy": {"executed_lines": [616, 617, 618, 619, 625, 628, 631, 637, 638, 639, 640, 642, 645, 647, 649, 652, 657, 668, 678, 679], "summary": {"covered_lines": 20, "num_statements": 23, "percent_covered": 86.95652173913044, "percent_covered_display": "87", "missing_lines": 3, "excluded_lines": 0}, "missing_lines": [680, 681, 682], "excluded_lines": []}, "register_routes.proxy_card_image_legacy.generate": {"executed_lines": [653, 654, 655], "summary": {"covered_lines": 3, "num_statements": 3, "percent_covered": 100.0, "percent_covered_display": "100", "missing_lines": 0, "excluded_lines": 0}, "missing_lines": [], "excluded_lines": []}, "register_routes.proxy_card_image_new": {"executed_lines": [], "summary": {"covered_lines": 0, "num_statements": 23, "percent_covered": 0.0, "percent_covered_display": "0", "missing_lines": 23, "excluded_lines": 0}, "missing_lines": [694, 695, 696, 697, 703, 706, 709, 715, 716, 717, 718, 720, 723, 725, 727, 730, 735, 746, 756, 757, 758, 759, 760], "excluded_lines": []}, "register_routes.proxy_card_image_new.generate": {"executed_lines": [], "summary": {"covered_lines": 0, "num_statements": 3, "percent_covered": 0.0, "percent_covered_display": "0", "missing_lines": 3, "excluded_lines": 0}, "missing_lines": [731, 732, 733], "excluded_lines": []}, "register_routes.get_card_image_by_id": {"executed_lines": [772, 773, 774, 777, 778, 779, 782, 784, 786, 788, 789, 801], "summary": {"covered_lines": 12, "num_statements": 16, "percent_covered": 75.0, "percent_covered_display": "75", "missing_lines": 4, "excluded_lines": 0}, "missing_lines": [780, 811, 812, 813], "excluded_lines": []}, "register_routes.not_found": {"executed_lines": [821], "summary": {"covered_lines": 1, "num_statements": 1, "percent_covered": 100.0, "percent_covered_display": "100", "missing_lines": 0, "excluded_lines": 0}, "missing_lines": [], "excluded_lines": []}, "register_routes.internal_error": {"executed_lines": [], "summary": {"covered_lines": 0, "num_statements": 1, "percent_covered": 0.0, "percent_covered_display": "0", "missing_lines": 1, "excluded_lines": 0}, "missing_lines": [826], "excluded_lines": []}, "": {"executed_lines": [1, 8, 9, 10, 11, 13, 14, 16, 17, 18, 19, 20, 22, 25], "summary": {"covered_lines": 13, "num_statements": 13, "percent_covered": 100.0, "percent_covered_display": "100", "missing_lines": 0, "excluded_lines": 0}, "missing_lines": [], "excluded_lines": []}}, "classes": {"": {"executed_lines": [1, 8, 9, 10, 11, 13, 14, 16, 17, 18, 19, 20, 22, 25, 33, 34, 35, 37, 45, 46, 47, 49, 51, 52, 57, 58, 59, 60, 65, 66, 71, 72, 75, 76, 86, 89, 90, 93, 95, 98, 101, 102, 112, 117, 118, 119, 123, 124, 135, 136, 137, 141, 144, 147, 157, 173, 174, 175, 176, 180, 183, 184, 187, 188, 189, 191, 192, 194, 195, 196, 205, 211, 219, 220, 223, 224, 229, 230, 231, 233, 235, 236, 237, 239, 240, 241, 243, 244, 245, 246, 247, 248, 250, 251, 252, 254, 255, 257, 258, 263, 264, 265, 266, 269, 272, 277, 279, 281, 282, 284, 285, 286, 300, 317, 318, 319, 321, 322, 323, 325, 326, 327, 328, 329, 330, 332, 333, 334, 336, 337, 338, 339, 340, 341, 343, 344, 345, 347, 348, 349, 356, 357, 358, 363, 364, 365, 367, 368, 369, 374, 375, 376, 378, 379, 380, 385, 386, 387, 389, 391, 392, 395, 397, 399, 402, 405, 406, 407, 409, 410, 411, 413, 416, 417, 419, 421, 424, 425, 427, 429, 431, 442, 445, 447, 448, 461, 474, 475, 476, 489, 490, 491, 493, 496, 520, 521, 522, 524, 525, 526, 533, 534, 535, 545, 546, 547, 549, 550, 551, 552, 553, 554, 556, 557, 558, 560, 561, 562, 563, 564, 565, 567, 568, 569, 571, 572, 573, 574, 581, 582, 583, 585, 586, 587, 589, 590, 591, 593, 594, 595, 596, 598, 604, 606, 607, 608, 616, 617, 618, 619, 625, 628, 631, 637, 638, 639, 640, 642, 645, 647, 649, 652, 653, 654, 655, 657, 668, 678, 679, 684, 685, 686, 762, 763, 764, 772, 773, 774, 777, 778, 779, 782, 784, 786, 788, 789, 801, 818, 819, 821, 823, 824], "summary": {"covered_lines": 291, "num_statements": 344, "percent_covered": 84.59302325581395, "percent_covered_display": "85", "missing_lines": 53, "excluded_lines": 0}, "missing_lines": [91, 198, 199, 204, 206, 207, 208, 370, 371, 372, 381, 382, 383, 443, 508, 509, 510, 600, 601, 680, 681, 682, 694, 695, 696, 697, 703, 706, 709, 715, 716, 717, 718, 720, 723, 725, 727, 730, 731, 732, 733, 735, 746, 756, 757, 758, 759, 760, 780, 811, 812, 813, 826], "excluded_lines": []}}}, "ygoapi/utils.py": {"executed_lines": [1, 8, 9, 10, 11, 13, 15, 18, 19, 29, 30, 33, 45, 46, 47, 48, 49, 52, 55, 66, 67, 68, 69, 70, 73, 75, 78, 79, 89, 90, 93, 96, 146, 147, 148, 149, 152, 153, 154, 161, 162, 163, 167, 168, 170, 172, 173, 176, 177, 180, 181, 184, 185, 186, 190, 191, 192, 198, 199, 200, 204, 205, 208, 209, 212, 213, 216, 217, 220, 221, 224, 225, 228, 229, 231, 234, 235, 245, 249, 250, 253, 254, 255, 268, 272, 281, 285, 289, 296, 300, 309, 316, 323, 327, 331, 335, 339, 343, 347, 354, 358, 362, 366, 367, 368, 370, 372, 374, 377, 380, 381, 391, 392, 395, 398, 399, 400, 402, 405, 406, 416, 418, 421, 422, 423, 424, 427, 428, 429, 430, 431, 432, 433, 436, 437, 438, 439, 440, 442, 444, 445, 446, 449, 450, 463, 464, 467, 468, 478, 479, 483, 491, 494, 495, 506, 507, 508, 511, 512, 528, 529, 530, 533, 534, 535, 537, 540, 541, 552, 553, 556, 557, 560, 561, 563, 566, 567, 577, 578, 581, 582, 584, 587, 588, 598, 599, 601, 603, 604, 605, 606, 607, 609, 612, 614, 617, 619, 622, 624, 625, 629, 630, 631, 632, 635, 636, 637, 638, 640, 643, 645, 648, 652, 687, 688, 689, 691, 694, 696, 697, 699, 704, 709, 710, 712, 714, 715, 716, 719, 720, 721, 733, 739, 741, 744, 745, 748, 750, 752, 759, 762, 767, 768, 769, 772, 779, 781, 783, 790, 793, 804, 805, 807, 808, 810, 812, 815, 816, 818, 819, 822, 823, 826, 827, 830, 834, 839, 840, 843, 844, 846, 848], "summary": {"covered_lines": 271, "num_statements": 335, "percent_covered": 80.8955223880597, "percent_covered_display": "81", "missing_lines": 64, "excluded_lines": 0}, "missing_lines": [155, 156, 157, 158, 164, 169, 171, 187, 193, 194, 195, 201, 246, 264, 265, 269, 273, 274, 275, 276, 277, 278, 282, 286, 290, 291, 293, 297, 301, 302, 303, 304, 306, 310, 311, 313, 317, 318, 320, 324, 328, 332, 336, 340, 344, 348, 349, 350, 351, 355, 359, 363, 369, 371, 373, 375, 646, 722, 724, 730, 731, 735, 736, 742], "excluded_lines": [], "functions": {"extract_art_version": {"executed_lines": [29, 30, 33, 45, 46, 47, 48, 49, 52, 55, 66, 67, 68, 69, 70, 73, 75], "summary": {"covered_lines": 17, "num_statements": 17, "percent_covered": 100.0, "percent_covered_display": "100", "missing_lines": 0, "excluded_lines": 0}, "missing_lines": [], "excluded_lines": []}, "normalize_rarity": {"executed_lines": [89, 90, 93, 96, 146, 147, 148, 149, 152, 153, 154, 161, 162, 163, 167, 168, 170, 172, 173, 176, 177, 180, 181, 184, 185, 186, 190, 191, 192, 198, 199, 200, 204, 205, 208, 209, 212, 213, 216, 217, 220, 221, 224, 225, 228, 229, 231], "summary": {"covered_lines": 47, "num_statements": 59, "percent_covered": 79.66101694915254, "percent_covered_display": "80", "missing_lines": 12, "excluded_lines": 0}, "missing_lines": [155, 156, 157, 158, 164, 169, 171, 187, 193, 194, 195, 201], "excluded_lines": []}, "normalize_rarity_for_matching": {"executed_lines": [245, 249, 250, 253, 254, 255, 268, 272, 281, 285, 289, 296, 300, 309, 316, 323, 327, 331, 335, 339, 343, 347, 354, 358, 362, 366, 367, 368, 370, 372, 374, 377], "summary": {"covered_lines": 32, "num_statements": 76, "percent_covered": 42.10526315789474, "percent_covered_display": "42", "missing_lines": 44, "excluded_lines": 0}, "missing_lines": [246, 264, 265, 269, 273, 274, 275, 276, 277, 278, 282, 286, 290, 291, 293, 297, 301, 302, 303, 304, 306, 310, 311, 313, 317, 318, 320, 324, 328, 332, 336, 340, 344, 348, 349, 350, 351, 355, 359, 363, 369, 371, 373, 375], "excluded_lines": []}, "normalize_art_variant": {"executed_lines": [391, 392, 395, 398, 399, 400, 402], "summary": {"covered_lines": 7, "num_statements": 7, "percent_covered": 100.0, "percent_covered_display": "100", "missing_lines": 0, "excluded_lines": 0}, "missing_lines": [], "excluded_lines": []}, "clean_card_data": {"executed_lines": [416, 418, 421, 422, 423, 424, 427, 428, 429, 430, 431, 432, 433, 436, 437, 438, 439, 440, 442, 444, 445, 446], "summary": {"covered_lines": 22, "num_statements": 22, "percent_covered": 100.0, "percent_covered_display": "100", "missing_lines": 0, "excluded_lines": 0}, "missing_lines": [], "excluded_lines": []}, "batch_process_generator": {"executed_lines": [463, 464], "summary": {"covered_lines": 2, "num_statements": 2, "percent_covered": 100.0, "percent_covered_display": "100", "missing_lines": 0, "excluded_lines": 0}, "missing_lines": [], "excluded_lines": []}, "validate_card_number": {"executed_lines": [478, 479, 483, 491], "summary": {"covered_lines": 4, "num_statements": 4, "percent_covered": 100.0, "percent_covered_display": "100", "missing_lines": 0, "excluded_lines": 0}, "missing_lines": [], "excluded_lines": []}, "calculate_success_rate": {"executed_lines": [506, 507, 508], "summary": {"covered_lines": 3, "num_statements": 3, "percent_covered": 100.0, "percent_covered_display": "100", "missing_lines": 0, "excluded_lines": 0}, "missing_lines": [], "excluded_lines": []}, "generate_variant_id": {"executed_lines": [528, 529, 530, 533, 534, 535, 537], "summary": {"covered_lines": 7, "num_statements": 7, "percent_covered": 100.0, "percent_covered_display": "100", "missing_lines": 0, "excluded_lines": 0}, "missing_lines": [], "excluded_lines": []}, "is_cache_fresh": {"executed_lines": [552, 553, 556, 557, 560, 561, 563], "summary": {"covered_lines": 7, "num_statements": 7, "percent_covered": 100.0, "percent_covered_display": "100", "missing_lines": 0, "excluded_lines": 0}, "missing_lines": [], "excluded_lines": []}, "sanitize_string": {"executed_lines": [577, 578, 581, 582, 584], "summary": {"covered_lines": 5, "num_statements": 5, "percent_covered": 100.0, "percent_covered_display": "100", "missing_lines": 0, "excluded_lines": 0}, "missing_lines": [], "excluded_lines": []}, "parse_price_string": {"executed_lines": [598, 599, 601, 603, 604, 605, 606, 607, 609], "summary": {"covered_lines": 9, "num_statements": 9, "percent_covered": 100.0, "percent_covered_display": "100", "missing_lines": 0, "excluded_lines": 0}, "missing_lines": [], "excluded_lines": []}, "get_current_utc_datetime": {"executed_lines": [614], "summary": {"covered_lines": 1, "num_statements": 1, "percent_covered": 100.0, "percent_covered_display": "100", "missing_lines": 0, "excluded_lines": 0}, "missing_lines": [], "excluded_lines": []}, "format_datetime_for_api": {"executed_lines": [619], "summary": {"covered_lines": 1, "num_statements": 1, "percent_covered": 100.0, "percent_covered_display": "100", "missing_lines": 0, "excluded_lines": 0}, "missing_lines": [], "excluded_lines": []}, "extract_set_code": {"executed_lines": [624, 625, 629, 630, 631, 632, 635, 636, 637, 638, 640], "summary": {"covered_lines": 11, "num_statements": 11, "percent_covered": 100.0, "percent_covered_display": "100", "missing_lines": 0, "excluded_lines": 0}, "missing_lines": [], "excluded_lines": []}, "map_rarity_to_tcgplayer_filter": {"executed_lines": [645, 648, 652, 687, 688, 689, 691], "summary": {"covered_lines": 7, "num_statements": 8, "percent_covered": 87.5, "percent_covered_display": "88", "missing_lines": 1, "excluded_lines": 0}, "missing_lines": [646], "excluded_lines": []}, "extract_booster_set_name": {"executed_lines": [696, 697, 699, 704, 709, 710, 712, 714, 715, 716, 719, 720, 721, 733], "summary": {"covered_lines": 14, "num_statements": 20, "percent_covered": 70.0, "percent_covered_display": "70", "missing_lines": 6, "excluded_lines": 0}, "missing_lines": [722, 724, 730, 731, 735, 736], "excluded_lines": []}, "map_set_code_to_tcgplayer_name": {"executed_lines": [741, 744, 745, 748, 750, 752, 759, 762, 767, 768, 769, 772, 779, 781, 783, 790], "summary": {"covered_lines": 16, "num_statements": 17, "percent_covered": 94.11764705882354, "percent_covered_display": "94", "missing_lines": 1, "excluded_lines": 0}, "missing_lines": [742], "excluded_lines": []}, "filter_cards_by_set": {"executed_lines": [804, 805, 807, 808, 810, 812, 815, 816, 818, 819, 822, 823, 826, 827, 830, 834, 839, 840, 843, 844, 846, 848], "summary": {"covered_lines": 22, "num_statements": 22, "percent_covered": 100.0, "percent_covered_display": "100", "missing_lines": 0, "excluded_lines": 0}, "missing_lines": [], "excluded_lines": []}, "": {"executed_lines": [1, 8, 9, 10, 11, 13, 15, 18, 19, 78, 79, 234, 235, 380, 381, 405, 406, 449, 450, 467, 468, 494, 495, 511, 512, 540, 541, 566, 567, 587, 588, 612, 617, 622, 643, 694, 739, 793], "summary": {"covered_lines": 37, "num_statements": 37, "percent_covered": 100.0, "percent_covered_display": "100", "missing_lines": 0, "excluded_lines": 0}, "missing_lines": [], "excluded_lines": []}}, "classes": {"": {"executed_lines": [1, 8, 9, 10, 11, 13, 15, 18, 19, 29, 30, 33, 45, 46, 47, 48, 49, 52, 55, 66, 67, 68, 69, 70, 73, 75, 78, 79, 89, 90, 93, 96, 146, 147, 148, 149, 152, 153, 154, 161, 162, 163, 167, 168, 170, 172, 173, 176, 177, 180, 181, 184, 185, 186, 190, 191, 192, 198, 199, 200, 204, 205, 208, 209, 212, 213, 216, 217, 220, 221, 224, 225, 228, 229, 231, 234, 235, 245, 249, 250, 253, 254, 255, 268, 272, 281, 285, 289, 296, 300, 309, 316, 323, 327, 331, 335, 339, 343, 347, 354, 358, 362, 366, 367, 368, 370, 372, 374, 377, 380, 381, 391, 392, 395, 398, 399, 400, 402, 405, 406, 416, 418, 421, 422, 423, 424, 427, 428, 429, 430, 431, 432, 433, 436, 437, 438, 439, 440, 442, 444, 445, 446, 449, 450, 463, 464, 467, 468, 478, 479, 483, 491, 494, 495, 506, 507, 508, 511, 512, 528, 529, 530, 533, 534, 535, 537, 540, 541, 552, 553, 556, 557, 560, 561, 563, 566, 567, 577, 578, 581, 582, 584, 587, 588, 598, 599, 601, 603, 604, 605, 606, 607, 609, 612, 614, 617, 619, 622, 624, 625, 629, 630, 631, 632, 635, 636, 637, 638, 640, 643, 645, 648, 652, 687, 688, 689, 691, 694, 696, 697, 699, 704, 709, 710, 712, 714, 715, 716, 719, 720, 721, 733, 739, 741, 744, 745, 748, 750, 752, 759, 762, 767, 768, 769, 772, 779, 781, 783, 790, 793, 804, 805, 807, 808, 810, 812, 815, 816, 818, 819, 822, 823, 826, 827, 830, 834, 839, 840, 843, 844, 846, 848], "summary": {"covered_lines": 271, "num_statements": 335, "percent_covered": 80.8955223880597, "percent_covered_display": "81", "missing_lines": 64, "excluded_lines": 0}, "missing_lines": [155, 156, 157, 158, 164, 169, 171, 187, 193, 194, 195, 201, 246, 264, 265, 269, 273, 274, 275, 276, 277, 278, 282, 286, 290, 291, 293, 297, 301, 302, 303, 304, 306, 310, 311, 313, 317, 318, 320, 324, 328, 332, 336, 340, 344, 348, 349, 350, 351, 355, 359, 363, 369, 371, 373, 375, 646, 722, 724, 730, 731, 735, 736, 742], "excluded_lines": []}}}}, "totals": {"covered_lines": 1643, "num_statements": 1852, "percent_covered": 88.71490280777537, "percent_covered_display": "89", "missing_lines": 209, "excluded_lines": 0}}